2025-01-20 21:10:31,790 - Imported existing <module 'comtypes.gen' from 'C:\\AI project demo\\venv\\Lib\\site-packages\\comtypes\\gen\\__init__.py'>
2025-01-20 21:10:31,790 - Using writeable comtypes cache directory: 'C:\AI project demo\venv\Lib\site-packages\comtypes\gen'
2025-01-20 21:11:21,307 - Not Found: /
2025-01-20 21:11:26,769 - Not Found: /text_to_speech/
2025-01-20 21:11:54,986 - Bad Request: /text_to_speech/text_to_speech/
2025-01-20 21:19:40,214 - Imported existing <module 'comtypes.gen' from 'C:\\AI project demo\\venv\\Lib\\site-packages\\comtypes\\gen\\__init__.py'>
2025-01-20 21:19:40,216 - Using writeable comtypes cache directory: 'C:\AI project demo\venv\Lib\site-packages\comtypes\gen'
2025-01-20 21:19:51,070 - Adding job tentatively -- it will be properly scheduled when the scheduler starts
2025-01-20 21:19:51,070 - Added job "reminder_task" to job store "default"
2025-01-20 21:19:51,070 - Scheduler started
2025-01-20 21:19:51,816 - Imported existing <module 'comtypes.gen' from 'C:\\AI project demo\\venv\\Lib\\site-packages\\comtypes\\gen\\__init__.py'>
2025-01-20 21:19:51,816 - Using writeable comtypes cache directory: 'C:\AI project demo\venv\Lib\site-packages\comtypes\gen'
2025-01-20 21:20:02,389 - Adding job tentatively -- it will be properly scheduled when the scheduler starts
2025-01-20 21:20:02,389 - Added job "reminder_task" to job store "default"
2025-01-20 21:20:02,389 - Scheduler started
2025-01-20 21:20:02,416 - Watching for file changes with StatReloader
2025-01-20 21:20:21,087 - Running job "reminder_task (trigger: interval[0:00:30], next run at: 2025-01-20 21:20:21 IST)" (scheduled at 2025-01-20 21:20:21.070615+05:30)
2025-01-20 21:20:27,859 - Job "reminder_task (trigger: interval[0:00:30], next run at: 2025-01-20 21:20:51 IST)" executed successfully
2025-01-20 21:20:32,402 - Running job "reminder_task (trigger: interval[0:00:30], next run at: 2025-01-20 21:21:02 IST)" (scheduled at 2025-01-20 21:20:32.389819+05:30)
2025-01-20 21:20:39,130 - Job "reminder_task (trigger: interval[0:00:30], next run at: 2025-01-20 21:21:02 IST)" executed successfully
2025-01-20 21:20:51,074 - Running job "reminder_task (trigger: interval[0:00:30], next run at: 2025-01-20 21:21:21 IST)" (scheduled at 2025-01-20 21:20:51.070615+05:30)
2025-01-20 21:20:57,841 - Job "reminder_task (trigger: interval[0:00:30], next run at: 2025-01-20 21:21:21 IST)" executed successfully
2025-01-20 21:21:02,405 - Running job "reminder_task (trigger: interval[0:00:30], next run at: 2025-01-20 21:21:32 IST)" (scheduled at 2025-01-20 21:21:02.389819+05:30)
2025-01-20 21:21:08,977 - Job "reminder_task (trigger: interval[0:00:30], next run at: 2025-01-20 21:21:32 IST)" executed successfully
2025-01-20 21:21:20,151 - C:\AI project demo\assistant_project\core\scheduler.py changed, reloading.
2025-01-20 21:21:21,075 - Running job "reminder_task (trigger: interval[0:00:30], next run at: 2025-01-20 21:21:51 IST)" (scheduled at 2025-01-20 21:21:21.070615+05:30)
2025-01-20 21:21:21,192 - Imported existing <module 'comtypes.gen' from 'C:\\AI project demo\\venv\\Lib\\site-packages\\comtypes\\gen\\__init__.py'>
2025-01-20 21:21:21,192 - Using writeable comtypes cache directory: 'C:\AI project demo\venv\Lib\site-packages\comtypes\gen'
2025-01-20 21:21:28,106 - Job "reminder_task (trigger: interval[0:00:30], next run at: 2025-01-20 21:21:51 IST)" executed successfully
2025-01-20 21:21:38,547 - Adding job tentatively -- it will be properly scheduled when the scheduler starts
2025-01-20 21:21:38,547 - Added job "reminder_task" to job store "default"
2025-01-20 21:21:38,547 - Scheduler started
2025-01-20 21:21:38,576 - Watching for file changes with StatReloader
2025-01-20 21:21:51,076 - Running job "reminder_task (trigger: interval[0:00:30], next run at: 2025-01-20 21:22:21 IST)" (scheduled at 2025-01-20 21:21:51.070615+05:30)
2025-01-20 21:21:58,045 - Job "reminder_task (trigger: interval[0:00:30], next run at: 2025-01-20 21:22:21 IST)" executed successfully
2025-01-20 21:22:08,549 - Running job "reminder_task (trigger: interval[0:00:30], next run at: 2025-01-20 21:22:38 IST)" (scheduled at 2025-01-20 21:22:08.546880+05:30)
2025-01-20 21:22:18,075 - Job "reminder_task (trigger: interval[0:00:30], next run at: 2025-01-20 21:22:38 IST)" executed successfully
2025-01-20 21:22:18,890 - C:\AI project demo\assistant_project\core\scheduler.py changed, reloading.
2025-01-20 21:22:21,071 - Running job "reminder_task (trigger: interval[0:00:30], next run at: 2025-01-20 21:22:51 IST)" (scheduled at 2025-01-20 21:22:21.070615+05:30)
2025-01-20 21:22:28,059 - Job "reminder_task (trigger: interval[0:00:30], next run at: 2025-01-20 21:22:51 IST)" executed successfully
2025-01-20 21:22:28,229 - Imported existing <module 'comtypes.gen' from 'C:\\AI project demo\\venv\\Lib\\site-packages\\comtypes\\gen\\__init__.py'>
2025-01-20 21:22:28,229 - Using writeable comtypes cache directory: 'C:\AI project demo\venv\Lib\site-packages\comtypes\gen'
2025-01-20 21:22:38,890 - Adding job tentatively -- it will be properly scheduled when the scheduler starts
2025-01-20 21:22:38,890 - Added job "reminder_task" to job store "default"
2025-01-20 21:22:38,890 - Scheduler started
2025-01-20 21:22:38,917 - Watching for file changes with StatReloader
2025-01-20 21:22:43,937 - C:\AI project demo\assistant_project\core\scheduler.py changed, reloading.
2025-01-20 21:22:44,887 - Imported existing <module 'comtypes.gen' from 'C:\\AI project demo\\venv\\Lib\\site-packages\\comtypes\\gen\\__init__.py'>
2025-01-20 21:22:44,888 - Using writeable comtypes cache directory: 'C:\AI project demo\venv\Lib\site-packages\comtypes\gen'
2025-01-20 21:22:51,073 - Running job "reminder_task (trigger: interval[0:00:30], next run at: 2025-01-20 21:23:21 IST)" (scheduled at 2025-01-20 21:22:51.070615+05:30)
2025-01-20 21:22:59,574 - Job "reminder_task (trigger: interval[0:00:30], next run at: 2025-01-20 21:23:21 IST)" executed successfully
2025-01-20 21:23:02,303 - Adding job tentatively -- it will be properly scheduled when the scheduler starts
2025-01-20 21:23:02,303 - Added job "reminder_task" to job store "default"
2025-01-20 21:23:02,303 - Scheduler started
2025-01-20 21:23:02,331 - Watching for file changes with StatReloader
2025-01-20 21:23:21,073 - Running job "reminder_task (trigger: interval[0:00:30], next run at: 2025-01-20 21:23:51 IST)" (scheduled at 2025-01-20 21:23:21.070615+05:30)
2025-01-20 21:23:28,141 - Job "reminder_task (trigger: interval[0:00:30], next run at: 2025-01-20 21:23:51 IST)" executed successfully
2025-01-20 21:23:51,008 - C:\AI project demo\assistant_project\core\scheduler.py changed, reloading.
2025-01-20 21:23:51,085 - Running job "reminder_task (trigger: interval[0:00:30], next run at: 2025-01-20 21:24:21 IST)" (scheduled at 2025-01-20 21:23:51.070615+05:30)
2025-01-20 21:23:52,088 - Imported existing <module 'comtypes.gen' from 'C:\\AI project demo\\venv\\Lib\\site-packages\\comtypes\\gen\\__init__.py'>
2025-01-20 21:23:52,088 - Using writeable comtypes cache directory: 'C:\AI project demo\venv\Lib\site-packages\comtypes\gen'
2025-01-20 21:23:58,130 - Job "reminder_task (trigger: interval[0:00:30], next run at: 2025-01-20 21:24:21 IST)" executed successfully
2025-01-20 21:24:08,507 - Adding job tentatively -- it will be properly scheduled when the scheduler starts
2025-01-20 21:24:08,507 - Added job "reminder_task" to job store "default"
2025-01-20 21:24:08,507 - Scheduler started
2025-01-20 21:24:08,508 - Scheduler has been shut down
2025-01-20 21:24:08,534 - Watching for file changes with StatReloader
2025-01-20 21:24:21,073 - Running job "reminder_task (trigger: interval[0:00:30], next run at: 2025-01-20 21:24:51 IST)" (scheduled at 2025-01-20 21:24:21.070615+05:30)
2025-01-20 21:24:28,268 - Job "reminder_task (trigger: interval[0:00:30], next run at: 2025-01-20 21:24:51 IST)" executed successfully
2025-01-20 21:45:55,492 - Imported existing <module 'comtypes.gen' from 'C:\\AI project demo\\venv\\Lib\\site-packages\\comtypes\\gen\\__init__.py'>
2025-01-20 21:45:55,494 - Using writeable comtypes cache directory: 'C:\AI project demo\venv\Lib\site-packages\comtypes\gen'
2025-01-20 21:47:37,811 - Imported existing <module 'comtypes.gen' from 'C:\\AI project demo\\venv\\Lib\\site-packages\\comtypes\\gen\\__init__.py'>
2025-01-20 21:47:37,812 - Using writeable comtypes cache directory: 'C:\AI project demo\venv\Lib\site-packages\comtypes\gen'
2025-01-21 19:35:01,928 - Imported existing <module 'comtypes.gen' from 'C:\\AI project demo\\venv\\Lib\\site-packages\\comtypes\\gen\\__init__.py'>
2025-01-21 19:35:01,929 - Using writeable comtypes cache directory: 'C:\AI project demo\venv\Lib\site-packages\comtypes\gen'
2025-01-21 19:38:11,648 - Imported existing <module 'comtypes.gen' from 'C:\\AI project demo\\venv\\Lib\\site-packages\\comtypes\\gen\\__init__.py'>
2025-01-21 19:38:11,648 - Using writeable comtypes cache directory: 'C:\AI project demo\venv\Lib\site-packages\comtypes\gen'
2025-01-21 20:34:08,921 - Imported existing <module 'comtypes.gen' from 'C:\\AI project demo\\venv\\Lib\\site-packages\\comtypes\\gen\\__init__.py'>
2025-01-21 20:34:08,922 - Using writeable comtypes cache directory: 'C:\AI project demo\venv\Lib\site-packages\comtypes\gen'
2025-01-21 20:34:22,192 - Imported existing <module 'comtypes.gen' from 'C:\\AI project demo\\venv\\Lib\\site-packages\\comtypes\\gen\\__init__.py'>
2025-01-21 20:34:22,193 - Using writeable comtypes cache directory: 'C:\AI project demo\venv\Lib\site-packages\comtypes\gen'
2025-01-21 20:34:33,363 - Watching for file changes with StatReloader
2025-01-21 20:35:09,583 - Not Found: /
2025-01-21 20:35:19,052 - Not Found: /voice_command/
2025-01-21 20:35:20,956 - Not Found: /voice_command/
2025-01-21 20:36:36,436 - Not Found: /text_to_speech/
2025-01-21 20:36:37,831 - Not Found: /text_to_speech/
2025-01-21 20:37:17,499 - Not Found: /customized_tts/
2025-01-21 20:37:18,164 - Not Found: /customized_tts/
2025-01-21 20:37:50,450 - Not Found: /list_voices/
2025-01-21 20:52:53,644 - Imported existing <module 'comtypes.gen' from 'C:\\AI project demo\\venv\\Lib\\site-packages\\comtypes\\gen\\__init__.py'>
2025-01-21 20:52:53,645 - Using writeable comtypes cache directory: 'C:\AI project demo\venv\Lib\site-packages\comtypes\gen'
2025-01-21 20:53:07,049 - Imported existing <module 'comtypes.gen' from 'C:\\AI project demo\\venv\\Lib\\site-packages\\comtypes\\gen\\__init__.py'>
2025-01-21 20:53:07,050 - Using writeable comtypes cache directory: 'C:\AI project demo\venv\Lib\site-packages\comtypes\gen'
2025-01-21 20:53:18,187 - Watching for file changes with StatReloader
2025-01-21 20:53:21,937 - Not Found: /
2025-01-21 20:53:36,855 - Not Found: /voice_command/
2025-01-21 20:55:48,942 - C:\AI project demo\assistant_project\core\views.py changed, reloading.
2025-01-21 20:55:50,992 - Imported existing <module 'comtypes.gen' from 'C:\\AI project demo\\venv\\Lib\\site-packages\\comtypes\\gen\\__init__.py'>
2025-01-21 20:55:50,992 - Using writeable comtypes cache directory: 'C:\AI project demo\venv\Lib\site-packages\comtypes\gen'
2025-01-21 20:56:02,635 - Watching for file changes with StatReloader
2025-01-21 20:56:10,071 - C:\AI project demo\assistant_project\core\views.py changed, reloading.
2025-01-21 20:56:11,926 - Imported existing <module 'comtypes.gen' from 'C:\\AI project demo\\venv\\Lib\\site-packages\\comtypes\\gen\\__init__.py'>
2025-01-21 20:56:11,927 - Using writeable comtypes cache directory: 'C:\AI project demo\venv\Lib\site-packages\comtypes\gen'
2025-01-21 20:56:23,386 - Watching for file changes with StatReloader
2025-01-21 20:59:17,418 - C:\AI project demo\assistant_project\core\views.py changed, reloading.
2025-01-21 20:59:19,096 - Imported existing <module 'comtypes.gen' from 'C:\\AI project demo\\venv\\Lib\\site-packages\\comtypes\\gen\\__init__.py'>
2025-01-21 20:59:19,096 - Using writeable comtypes cache directory: 'C:\AI project demo\venv\Lib\site-packages\comtypes\gen'
2025-01-21 20:59:30,557 - Watching for file changes with StatReloader
2025-01-21 21:02:07,351 - Not Found: /
2025-01-21 21:02:34,293 - Not Found: /
2025-01-21 21:03:29,800 - Not Found: /text_to_speech/
2025-01-21 21:03:30,021 - Not Found: /text_to_speech/
2025-01-21 21:06:28,296 - C:\AI project demo\assistant_project\assistant_project\settings.py changed, reloading.
2025-01-21 21:06:30,700 - Imported existing <module 'comtypes.gen' from 'C:\\AI project demo\\venv\\Lib\\site-packages\\comtypes\\gen\\__init__.py'>
2025-01-21 21:06:30,701 - Using writeable comtypes cache directory: 'C:\AI project demo\venv\Lib\site-packages\comtypes\gen'
2025-01-21 21:06:42,522 - Watching for file changes with StatReloader
2025-01-21 21:07:41,604 - Not Found: /
2025-01-21 21:07:45,443 - Not Found: /inventory/home/
2025-01-21 21:09:12,249 - C:\AI project demo\assistant_project\assistant_project\urls.py changed, reloading.
2025-01-21 21:09:14,317 - Imported existing <module 'comtypes.gen' from 'C:\\AI project demo\\venv\\Lib\\site-packages\\comtypes\\gen\\__init__.py'>
2025-01-21 21:09:14,318 - Using writeable comtypes cache directory: 'C:\AI project demo\venv\Lib\site-packages\comtypes\gen'
2025-01-21 21:09:17,397 - Watching for file changes with StatReloader
2025-01-21 21:12:06,251 - C:\AI project demo\assistant_project\assistant_project\settings.py changed, reloading.
2025-01-21 21:14:48,868 - Imported existing <module 'comtypes.gen' from 'C:\\AI project demo\\venv\\Lib\\site-packages\\comtypes\\gen\\__init__.py'>
2025-01-21 21:14:48,869 - Using writeable comtypes cache directory: 'C:\AI project demo\venv\Lib\site-packages\comtypes\gen'
2025-01-21 21:14:58,506 - Imported existing <module 'comtypes.gen' from 'C:\\AI project demo\\venv\\Lib\\site-packages\\comtypes\\gen\\__init__.py'>
2025-01-21 21:14:58,507 - Using writeable comtypes cache directory: 'C:\AI project demo\venv\Lib\site-packages\comtypes\gen'
2025-01-21 21:15:05,512 - Watching for file changes with StatReloader
2025-01-21 21:15:09,072 - C:\AI project demo\assistant_project\core\utils.py changed, reloading.
2025-01-21 21:15:11,886 - Watching for file changes with StatReloader
2025-01-21 21:15:40,237 - Not Found: /
2025-01-21 21:15:54,923 - Imported existing <module 'comtypes.gen' from 'C:\\AI project demo\\venv\\Lib\\site-packages\\comtypes\\gen\\__init__.py'>
2025-01-21 21:15:54,924 - Using writeable comtypes cache directory: 'C:\AI project demo\venv\Lib\site-packages\comtypes\gen'
2025-01-21 21:16:07,198 - Not Found: /text_to_speech/
2025-01-21 21:18:59,508 - Watching for file changes with StatReloader
2025-01-23 10:44:39,620 - Watching for file changes with StatReloader
2025-01-23 10:44:45,111 - Not Found: /
2025-01-23 10:44:47,253 - Not Found: /favicon.ico
2025-01-23 10:45:00,961 - Imported existing <module 'comtypes.gen' from 'C:\\AI project demo\\venv\\Lib\\site-packages\\comtypes\\gen\\__init__.py'>
2025-01-23 10:45:00,962 - Using writeable comtypes cache directory: 'C:\AI project demo\venv\Lib\site-packages\comtypes\gen'
2025-01-23 11:13:10,763 - C:\AI project demo\assistant_project\core\urls.py changed, reloading.
2025-01-23 11:13:14,626 - Watching for file changes with StatReloader
2025-01-23 11:13:23,020 - C:\AI project demo\assistant_project\core\urls.py changed, reloading.
2025-01-23 11:13:25,696 - Watching for file changes with StatReloader
2025-01-23 11:13:27,574 - C:\AI project demo\assistant_project\core\urls.py changed, reloading.
2025-01-23 11:13:30,075 - Watching for file changes with StatReloader
2025-01-23 11:13:34,171 - C:\AI project demo\assistant_project\core\urls.py changed, reloading.
2025-01-23 11:13:36,914 - Watching for file changes with StatReloader
2025-01-23 11:13:43,588 - C:\AI project demo\assistant_project\core\urls.py changed, reloading.
2025-01-23 11:13:46,366 - Watching for file changes with StatReloader
2025-01-23 11:13:49,024 - Not Found: /
2025-01-23 11:14:23,170 - Not Found: /api/tts/
2025-01-23 11:17:07,764 - Watching for file changes with StatReloader
2025-01-23 11:17:12,033 - Not Found: /
2025-01-23 11:17:27,510 - Imported existing <module 'comtypes.gen' from 'C:\\AI project demo\\venv\\Lib\\site-packages\\comtypes\\gen\\__init__.py'>
2025-01-23 11:17:27,510 - Using writeable comtypes cache directory: 'C:\AI project demo\venv\Lib\site-packages\comtypes\gen'
2025-01-23 11:17:56,782 - Not Found: /api/tts/
2025-01-23 11:18:58,210 - Not Found: /api/tts/
2025-01-23 11:19:25,892 - C:\AI project demo\assistant_project\assistant_project\urls.py changed, reloading.
2025-01-23 11:19:28,840 - Watching for file changes with StatReloader
2025-01-23 11:19:36,131 - C:\AI project demo\assistant_project\assistant_project\urls.py changed, reloading.
2025-01-23 11:19:39,190 - Watching for file changes with StatReloader
2025-01-23 11:20:16,983 - Watching for file changes with StatReloader
2025-01-23 11:20:33,559 - Not Found: /
2025-01-23 11:21:11,834 - Not Found: /api/tts/
2025-01-23 11:21:28,922 - C:\AI project demo\assistant_project\assistant_project\urls.py changed, reloading.
2025-01-23 11:21:31,439 - Watching for file changes with StatReloader
2025-01-23 11:21:32,277 - Not Found: /
2025-01-23 11:21:40,405 - Not Found: /apii/tts/
2025-01-23 11:21:52,515 - Not Found: /apii/tts/
2025-01-23 11:22:14,498 - Not Found: /apii/tts/text_to_speec/
2025-01-23 11:22:17,540 - Not Found: /apii/tts/text_to_speec
2025-01-23 11:22:21,647 - Imported existing <module 'comtypes.gen' from 'C:\\AI project demo\\venv\\Lib\\site-packages\\comtypes\\gen\\__init__.py'>
2025-01-23 11:22:21,647 - Using writeable comtypes cache directory: 'C:\AI project demo\venv\Lib\site-packages\comtypes\gen'
2025-01-23 11:24:07,714 - C:\AI project demo\assistant_project\assistant_project\urls.py changed, reloading.
2025-01-23 11:24:10,869 - Watching for file changes with StatReloader
2025-01-23 11:24:13,162 - C:\AI project demo\assistant_project\assistant_project\urls.py changed, reloading.
2025-01-23 11:24:15,868 - Watching for file changes with StatReloader
2025-01-23 11:24:23,463 - C:\AI project demo\assistant_project\core\urls.py changed, reloading.
2025-01-23 11:24:26,385 - Watching for file changes with StatReloader
2025-01-23 11:24:32,927 - C:\AI project demo\assistant_project\core\urls.py changed, reloading.
2025-01-23 11:24:35,708 - Watching for file changes with StatReloader
2025-01-23 11:24:37,979 - C:\AI project demo\assistant_project\core\urls.py changed, reloading.
2025-01-23 11:24:40,826 - Watching for file changes with StatReloader
2025-01-23 11:24:44,788 - C:\AI project demo\assistant_project\core\urls.py changed, reloading.
2025-01-23 11:24:47,639 - Watching for file changes with StatReloader
2025-01-23 11:24:52,036 - C:\AI project demo\assistant_project\core\urls.py changed, reloading.
2025-01-23 11:24:54,753 - Watching for file changes with StatReloader
2025-01-23 11:25:29,842 - Watching for file changes with StatReloader
2025-01-23 11:25:36,021 - C:\AI project demo\assistant_project\core\urls.py changed, reloading.
2025-01-23 11:25:38,908 - Watching for file changes with StatReloader
2025-01-23 11:25:40,757 - C:\AI project demo\assistant_project\core\urls.py changed, reloading.
2025-01-23 11:25:43,451 - Watching for file changes with StatReloader
2025-01-23 11:25:51,733 - C:\AI project demo\assistant_project\core\urls.py changed, reloading.
2025-01-23 11:25:54,705 - Watching for file changes with StatReloader
2025-01-23 11:25:57,338 - Not Found: /
2025-01-23 11:26:13,299 - Not Found: /text_to_speech/
2025-01-23 11:26:58,137 - Not Found: /text_to_speech/text
2025-01-23 11:27:16,220 - Imported existing <module 'comtypes.gen' from 'C:\\AI project demo\\venv\\Lib\\site-packages\\comtypes\\gen\\__init__.py'>
2025-01-23 11:27:16,220 - Using writeable comtypes cache directory: 'C:\AI project demo\venv\Lib\site-packages\comtypes\gen'
2025-01-23 11:28:03,835 - C:\AI project demo\assistant_project\assistant_project\settings.py changed, reloading.
2025-01-23 11:28:06,977 - Watching for file changes with StatReloader
2025-01-23 11:28:09,215 - C:\AI project demo\assistant_project\assistant_project\settings.py changed, reloading.
2025-01-23 11:28:11,817 - Watching for file changes with StatReloader
2025-01-23 11:28:16,347 - C:\AI project demo\assistant_project\assistant_project\settings.py changed, reloading.
2025-01-23 11:28:18,932 - Watching for file changes with StatReloader
2025-01-23 11:28:23,467 - C:\AI project demo\assistant_project\assistant_project\settings.py changed, reloading.
2025-01-23 11:28:26,456 - Watching for file changes with StatReloader
2025-01-23 11:31:59,564 - Watching for file changes with StatReloader
2025-01-23 11:32:01,632 - Not Found: /
2025-01-25 11:12:35,012 - Watching for file changes with StatReloader
2025-01-25 11:13:09,321 - Not Found: /
2025-01-25 11:13:18,972 - Imported existing <module 'comtypes.gen' from 'C:\\AI project demo\\venv\\Lib\\site-packages\\comtypes\\gen\\__init__.py'>
2025-01-25 11:13:18,975 - Using writeable comtypes cache directory: 'C:\AI project demo\venv\Lib\site-packages\comtypes\gen'
2025-01-25 11:15:36,893 - C:\AI project demo\assistant_project\core\views.py changed, reloading.
2025-01-25 11:15:40,200 - Watching for file changes with StatReloader
2025-01-25 11:15:43,127 - C:\AI project demo\assistant_project\core\views.py changed, reloading.
2025-01-25 11:15:45,805 - Watching for file changes with StatReloader
2025-01-25 11:15:47,867 - Not Found: /
2025-01-25 11:15:56,808 - Imported existing <module 'comtypes.gen' from 'C:\\AI project demo\\venv\\Lib\\site-packages\\comtypes\\gen\\__init__.py'>
2025-01-25 11:15:56,808 - Using writeable comtypes cache directory: 'C:\AI project demo\venv\Lib\site-packages\comtypes\gen'
2025-01-25 11:18:21,675 - C:\AI project demo\assistant_project\core\views.py changed, reloading.
2025-01-25 11:18:24,673 - Watching for file changes with StatReloader
2025-01-25 11:18:27,561 - C:\AI project demo\assistant_project\core\views.py changed, reloading.
2025-01-25 11:18:30,562 - Watching for file changes with StatReloader
2025-01-25 11:18:45,156 - C:\AI project demo\assistant_project\core\views.py changed, reloading.
2025-01-25 11:18:47,798 - Watching for file changes with StatReloader
2025-01-25 11:18:49,982 - C:\AI project demo\assistant_project\core\views.py changed, reloading.
2025-01-25 11:18:52,737 - Watching for file changes with StatReloader
2025-01-25 11:18:54,963 - C:\AI project demo\assistant_project\core\views.py changed, reloading.
2025-01-25 11:18:57,581 - Watching for file changes with StatReloader
2025-01-25 11:19:12,349 - C:\AI project demo\assistant_project\core\views.py changed, reloading.
2025-01-25 11:19:15,162 - Watching for file changes with StatReloader
2025-01-25 11:19:17,912 - Not Found: /
2025-01-25 11:19:23,557 - Not Found: /text_to_speech/text_to_speech/script.js
2025-01-25 11:19:25,555 - Not Found: /text_to_speech/
2025-01-25 11:19:25,764 - Not Found: /text_to_speech/
2025-01-25 11:19:34,444 - Not Found: /text_to_speech/text_to_speech/script.js
2025-01-25 11:19:55,182 - C:\AI project demo\assistant_project\core\views.py changed, reloading.
2025-01-25 11:19:57,825 - Watching for file changes with StatReloader
2025-01-25 11:20:01,130 - C:\AI project demo\assistant_project\core\views.py changed, reloading.
2025-01-25 11:20:03,996 - Watching for file changes with StatReloader
2025-01-25 11:20:09,615 - C:\AI project demo\assistant_project\core\views.py changed, reloading.
2025-01-25 11:20:12,379 - Watching for file changes with StatReloader
2025-01-25 11:20:14,606 - C:\AI project demo\assistant_project\core\views.py changed, reloading.
2025-01-25 11:20:17,242 - Watching for file changes with StatReloader
2025-01-25 11:20:32,094 - C:\AI project demo\assistant_project\core\views.py changed, reloading.
2025-01-25 11:20:34,943 - Watching for file changes with StatReloader
2025-01-25 11:20:39,920 - C:\AI project demo\assistant_project\core\views.py changed, reloading.
2025-01-25 11:20:42,681 - Watching for file changes with StatReloader
2025-01-25 11:20:57,038 - C:\AI project demo\assistant_project\core\views.py changed, reloading.
2025-01-25 11:53:13,145 - Watching for file changes with StatReloader
2025-01-25 11:56:52,008 - Watching for file changes with StatReloader
2025-01-25 12:10:15,077 - Watching for file changes with StatReloader
2025-02-25 21:26:57,966 - Watching for file changes with StatReloader
2025-02-25 21:28:23,243 - Watching for file changes with StatReloader
2025-02-25 21:32:04,735 - Watching for file changes with StatReloader
2025-02-25 21:32:28,653 - C:\AI project demo\assistant_project\assistant_project\settings.py changed, reloading.
2025-02-25 21:32:32,754 - Watching for file changes with StatReloader
2025-02-25 21:32:53,206 - C:\AI project demo\assistant_project\assistant_project\settings.py changed, reloading.
2025-02-25 21:32:56,528 - Watching for file changes with StatReloader
2025-02-25 21:33:10,767 - C:\AI project demo\assistant_project\assistant_project\settings.py changed, reloading.
2025-02-25 21:34:00,138 - Watching for file changes with StatReloader
2025-02-25 21:34:29,398 - Watching for file changes with StatReloader
2025-02-25 21:36:28,427 - Watching for file changes with StatReloader
2025-02-25 21:48:07,407 - Adding job tentatively -- it will be properly scheduled when the scheduler starts
2025-02-25 21:48:07,408 - Added job "reminder_task" to job store "default"
2025-02-25 21:48:07,408 - Scheduler started
2025-02-25 21:48:10,383 - Adding job tentatively -- it will be properly scheduled when the scheduler starts
2025-02-25 21:48:10,384 - Added job "reminder_task" to job store "default"
2025-02-25 21:48:10,384 - Scheduler started
2025-02-25 21:48:53,722 - Adding job tentatively -- it will be properly scheduled when the scheduler starts
2025-02-25 21:48:53,723 - Added job "reminder_task" to job store "default"
2025-02-25 21:48:53,723 - Scheduler started
2025-02-25 21:48:56,256 - Adding job tentatively -- it will be properly scheduled when the scheduler starts
2025-02-25 21:48:56,257 - Added job "reminder_task" to job store "default"
2025-02-25 21:48:56,257 - Scheduler started
2025-02-25 21:48:56,349 - Watching for file changes with StatReloader
2025-02-25 21:49:07,282 - Not Found: /
2025-02-25 21:49:08,840 - Not Found: /favicon.ico
2025-02-25 21:50:30,574 - Not Found: /api/tasks/
2025-02-25 21:51:41,860 - Not Found: /
2025-02-25 21:51:55,365 - Not Found: /voice_command/
2025-02-25 21:52:35,495 - Internal Server Error: /text_to_speech/text_to_speech/
Traceback (most recent call last):
  File "C:\AI project demo\venv\Lib\site-packages\django\template\base.py", line 510, in parse
    compile_func = self.tags[command]
                   ~~~~~~~~~^^^^^^^^^
KeyError: 'static'

During handling of the above exception, another exception occurred:

Traceback (most recent call last):
  File "C:\AI project demo\venv\Lib\site-packages\django\core\handlers\exception.py", line 55, in inner
    response = get_response(request)
               ^^^^^^^^^^^^^^^^^^^^^
  File "C:\AI project demo\venv\Lib\site-packages\django\core\handlers\base.py", line 197, in _get_response
    response = wrapped_callback(request, *callback_args, **callback_kwargs)
               ^^^^^^^^^^^^^^^^^^^^^^^^^^^^^^^^^^^^^^^^^^^^^^^^^^^^^^^^^^^^
  File "C:\AI project demo\assistant_project\core\views.py", line 36, in text_to_speech_view
    return render(request,'index.html')
           ^^^^^^^^^^^^^^^^^^^^^^^^^^^^
  File "C:\AI project demo\venv\Lib\site-packages\django\shortcuts.py", line 25, in render
    content = loader.render_to_string(template_name, context, request, using=using)
              ^^^^^^^^^^^^^^^^^^^^^^^^^^^^^^^^^^^^^^^^^^^^^^^^^^^^^^^^^^^^^^^^^^^^^
  File "C:\AI project demo\venv\Lib\site-packages\django\template\loader.py", line 61, in render_to_string
    template = get_template(template_name, using=using)
               ^^^^^^^^^^^^^^^^^^^^^^^^^^^^^^^^^^^^^^^^
  File "C:\AI project demo\venv\Lib\site-packages\django\template\loader.py", line 15, in get_template
    return engine.get_template(template_name)
           ^^^^^^^^^^^^^^^^^^^^^^^^^^^^^^^^^^
  File "C:\AI project demo\venv\Lib\site-packages\django\template\backends\django.py", line 79, in get_template
    return Template(self.engine.get_template(template_name), self)
                    ^^^^^^^^^^^^^^^^^^^^^^^^^^^^^^^^^^^^^^^
  File "C:\AI project demo\venv\Lib\site-packages\django\template\engine.py", line 177, in get_template
    template, origin = self.find_template(template_name)
                       ^^^^^^^^^^^^^^^^^^^^^^^^^^^^^^^^^
  File "C:\AI project demo\venv\Lib\site-packages\django\template\engine.py", line 159, in find_template
    template = loader.get_template(name, skip=skip)
               ^^^^^^^^^^^^^^^^^^^^^^^^^^^^^^^^^^^^
  File "C:\AI project demo\venv\Lib\site-packages\django\template\loaders\cached.py", line 57, in get_template
    template = super().get_template(template_name, skip)
               ^^^^^^^^^^^^^^^^^^^^^^^^^^^^^^^^^^^^^^^^^
  File "C:\AI project demo\venv\Lib\site-packages\django\template\loaders\base.py", line 28, in get_template
    return Template(
           ^^^^^^^^^
  File "C:\AI project demo\venv\Lib\site-packages\django\template\base.py", line 154, in __init__
    self.nodelist = self.compile_nodelist()
                    ^^^^^^^^^^^^^^^^^^^^^^^
  File "C:\AI project demo\venv\Lib\site-packages\django\template\base.py", line 196, in compile_nodelist
    nodelist = parser.parse()
               ^^^^^^^^^^^^^^
  File "C:\AI project demo\venv\Lib\site-packages\django\template\base.py", line 512, in parse
    self.invalid_block_tag(token, command, parse_until)
  File "C:\AI project demo\venv\Lib\site-packages\django\template\base.py", line 573, in invalid_block_tag
    raise self.error(
django.template.exceptions.TemplateSyntaxError: Invalid block tag on line 13: 'static'. Did you forget to register or load this tag?
2025-02-25 21:53:51,980 - Internal Server Error: /text_to_speech/text_to_speech/
Traceback (most recent call last):
  File "C:\AI project demo\venv\Lib\site-packages\django\template\base.py", line 510, in parse
    compile_func = self.tags[command]
                   ~~~~~~~~~^^^^^^^^^
KeyError: 'static'

During handling of the above exception, another exception occurred:

Traceback (most recent call last):
  File "C:\AI project demo\venv\Lib\site-packages\django\core\handlers\exception.py", line 55, in inner
    response = get_response(request)
               ^^^^^^^^^^^^^^^^^^^^^
  File "C:\AI project demo\venv\Lib\site-packages\django\core\handlers\base.py", line 197, in _get_response
    response = wrapped_callback(request, *callback_args, **callback_kwargs)
               ^^^^^^^^^^^^^^^^^^^^^^^^^^^^^^^^^^^^^^^^^^^^^^^^^^^^^^^^^^^^
  File "C:\AI project demo\assistant_project\core\views.py", line 36, in text_to_speech_view
    return render(request,'index.html')
           ^^^^^^^^^^^^^^^^^^^^^^^^^^^^
  File "C:\AI project demo\venv\Lib\site-packages\django\shortcuts.py", line 25, in render
    content = loader.render_to_string(template_name, context, request, using=using)
              ^^^^^^^^^^^^^^^^^^^^^^^^^^^^^^^^^^^^^^^^^^^^^^^^^^^^^^^^^^^^^^^^^^^^^
  File "C:\AI project demo\venv\Lib\site-packages\django\template\loader.py", line 61, in render_to_string
    template = get_template(template_name, using=using)
               ^^^^^^^^^^^^^^^^^^^^^^^^^^^^^^^^^^^^^^^^
  File "C:\AI project demo\venv\Lib\site-packages\django\template\loader.py", line 15, in get_template
    return engine.get_template(template_name)
           ^^^^^^^^^^^^^^^^^^^^^^^^^^^^^^^^^^
  File "C:\AI project demo\venv\Lib\site-packages\django\template\backends\django.py", line 79, in get_template
    return Template(self.engine.get_template(template_name), self)
                    ^^^^^^^^^^^^^^^^^^^^^^^^^^^^^^^^^^^^^^^
  File "C:\AI project demo\venv\Lib\site-packages\django\template\engine.py", line 177, in get_template
    template, origin = self.find_template(template_name)
                       ^^^^^^^^^^^^^^^^^^^^^^^^^^^^^^^^^
  File "C:\AI project demo\venv\Lib\site-packages\django\template\engine.py", line 159, in find_template
    template = loader.get_template(name, skip=skip)
               ^^^^^^^^^^^^^^^^^^^^^^^^^^^^^^^^^^^^
  File "C:\AI project demo\venv\Lib\site-packages\django\template\loaders\cached.py", line 57, in get_template
    template = super().get_template(template_name, skip)
               ^^^^^^^^^^^^^^^^^^^^^^^^^^^^^^^^^^^^^^^^^
  File "C:\AI project demo\venv\Lib\site-packages\django\template\loaders\base.py", line 28, in get_template
    return Template(
           ^^^^^^^^^
  File "C:\AI project demo\venv\Lib\site-packages\django\template\base.py", line 154, in __init__
    self.nodelist = self.compile_nodelist()
                    ^^^^^^^^^^^^^^^^^^^^^^^
  File "C:\AI project demo\venv\Lib\site-packages\django\template\base.py", line 196, in compile_nodelist
    nodelist = parser.parse()
               ^^^^^^^^^^^^^^
  File "C:\AI project demo\venv\Lib\site-packages\django\template\base.py", line 512, in parse
    self.invalid_block_tag(token, command, parse_until)
  File "C:\AI project demo\venv\Lib\site-packages\django\template\base.py", line 573, in invalid_block_tag
    raise self.error(
django.template.exceptions.TemplateSyntaxError: Invalid block tag on line 13: 'static'. Did you forget to register or load this tag?
2025-02-25 21:54:06,447 - Internal Server Error: /text_to_speech/text_to_speech/
Traceback (most recent call last):
  File "C:\AI project demo\venv\Lib\site-packages\django\template\base.py", line 510, in parse
    compile_func = self.tags[command]
                   ~~~~~~~~~^^^^^^^^^
KeyError: 'static'

During handling of the above exception, another exception occurred:

Traceback (most recent call last):
  File "C:\AI project demo\venv\Lib\site-packages\django\core\handlers\exception.py", line 55, in inner
    response = get_response(request)
               ^^^^^^^^^^^^^^^^^^^^^
  File "C:\AI project demo\venv\Lib\site-packages\django\core\handlers\base.py", line 197, in _get_response
    response = wrapped_callback(request, *callback_args, **callback_kwargs)
               ^^^^^^^^^^^^^^^^^^^^^^^^^^^^^^^^^^^^^^^^^^^^^^^^^^^^^^^^^^^^
  File "C:\AI project demo\assistant_project\core\views.py", line 36, in text_to_speech_view
    return render(request,'index.html')
           ^^^^^^^^^^^^^^^^^^^^^^^^^^^^
  File "C:\AI project demo\venv\Lib\site-packages\django\shortcuts.py", line 25, in render
    content = loader.render_to_string(template_name, context, request, using=using)
              ^^^^^^^^^^^^^^^^^^^^^^^^^^^^^^^^^^^^^^^^^^^^^^^^^^^^^^^^^^^^^^^^^^^^^
  File "C:\AI project demo\venv\Lib\site-packages\django\template\loader.py", line 61, in render_to_string
    template = get_template(template_name, using=using)
               ^^^^^^^^^^^^^^^^^^^^^^^^^^^^^^^^^^^^^^^^
  File "C:\AI project demo\venv\Lib\site-packages\django\template\loader.py", line 15, in get_template
    return engine.get_template(template_name)
           ^^^^^^^^^^^^^^^^^^^^^^^^^^^^^^^^^^
  File "C:\AI project demo\venv\Lib\site-packages\django\template\backends\django.py", line 79, in get_template
    return Template(self.engine.get_template(template_name), self)
                    ^^^^^^^^^^^^^^^^^^^^^^^^^^^^^^^^^^^^^^^
  File "C:\AI project demo\venv\Lib\site-packages\django\template\engine.py", line 177, in get_template
    template, origin = self.find_template(template_name)
                       ^^^^^^^^^^^^^^^^^^^^^^^^^^^^^^^^^
  File "C:\AI project demo\venv\Lib\site-packages\django\template\engine.py", line 159, in find_template
    template = loader.get_template(name, skip=skip)
               ^^^^^^^^^^^^^^^^^^^^^^^^^^^^^^^^^^^^
  File "C:\AI project demo\venv\Lib\site-packages\django\template\loaders\cached.py", line 57, in get_template
    template = super().get_template(template_name, skip)
               ^^^^^^^^^^^^^^^^^^^^^^^^^^^^^^^^^^^^^^^^^
  File "C:\AI project demo\venv\Lib\site-packages\django\template\loaders\base.py", line 28, in get_template
    return Template(
           ^^^^^^^^^
  File "C:\AI project demo\venv\Lib\site-packages\django\template\base.py", line 154, in __init__
    self.nodelist = self.compile_nodelist()
                    ^^^^^^^^^^^^^^^^^^^^^^^
  File "C:\AI project demo\venv\Lib\site-packages\django\template\base.py", line 196, in compile_nodelist
    nodelist = parser.parse()
               ^^^^^^^^^^^^^^
  File "C:\AI project demo\venv\Lib\site-packages\django\template\base.py", line 512, in parse
    self.invalid_block_tag(token, command, parse_until)
  File "C:\AI project demo\venv\Lib\site-packages\django\template\base.py", line 573, in invalid_block_tag
    raise self.error(
django.template.exceptions.TemplateSyntaxError: Invalid block tag on line 13: 'static'. Did you forget to register or load this tag?
2025-02-25 21:55:04,381 - Internal Server Error: /text_to_speech/text_to_speech/
Traceback (most recent call last):
  File "C:\AI project demo\venv\Lib\site-packages\django\template\base.py", line 510, in parse
    compile_func = self.tags[command]
                   ~~~~~~~~~^^^^^^^^^
KeyError: 'static'

During handling of the above exception, another exception occurred:

Traceback (most recent call last):
  File "C:\AI project demo\venv\Lib\site-packages\django\core\handlers\exception.py", line 55, in inner
    response = get_response(request)
               ^^^^^^^^^^^^^^^^^^^^^
  File "C:\AI project demo\venv\Lib\site-packages\django\core\handlers\base.py", line 197, in _get_response
    response = wrapped_callback(request, *callback_args, **callback_kwargs)
               ^^^^^^^^^^^^^^^^^^^^^^^^^^^^^^^^^^^^^^^^^^^^^^^^^^^^^^^^^^^^
  File "C:\AI project demo\assistant_project\core\views.py", line 36, in text_to_speech_view
    return render(request,'index.html')
           ^^^^^^^^^^^^^^^^^^^^^^^^^^^^
  File "C:\AI project demo\venv\Lib\site-packages\django\shortcuts.py", line 25, in render
    content = loader.render_to_string(template_name, context, request, using=using)
              ^^^^^^^^^^^^^^^^^^^^^^^^^^^^^^^^^^^^^^^^^^^^^^^^^^^^^^^^^^^^^^^^^^^^^
  File "C:\AI project demo\venv\Lib\site-packages\django\template\loader.py", line 61, in render_to_string
    template = get_template(template_name, using=using)
               ^^^^^^^^^^^^^^^^^^^^^^^^^^^^^^^^^^^^^^^^
  File "C:\AI project demo\venv\Lib\site-packages\django\template\loader.py", line 15, in get_template
    return engine.get_template(template_name)
           ^^^^^^^^^^^^^^^^^^^^^^^^^^^^^^^^^^
  File "C:\AI project demo\venv\Lib\site-packages\django\template\backends\django.py", line 79, in get_template
    return Template(self.engine.get_template(template_name), self)
                    ^^^^^^^^^^^^^^^^^^^^^^^^^^^^^^^^^^^^^^^
  File "C:\AI project demo\venv\Lib\site-packages\django\template\engine.py", line 177, in get_template
    template, origin = self.find_template(template_name)
                       ^^^^^^^^^^^^^^^^^^^^^^^^^^^^^^^^^
  File "C:\AI project demo\venv\Lib\site-packages\django\template\engine.py", line 159, in find_template
    template = loader.get_template(name, skip=skip)
               ^^^^^^^^^^^^^^^^^^^^^^^^^^^^^^^^^^^^
  File "C:\AI project demo\venv\Lib\site-packages\django\template\loaders\cached.py", line 57, in get_template
    template = super().get_template(template_name, skip)
               ^^^^^^^^^^^^^^^^^^^^^^^^^^^^^^^^^^^^^^^^^
  File "C:\AI project demo\venv\Lib\site-packages\django\template\loaders\base.py", line 28, in get_template
    return Template(
           ^^^^^^^^^
  File "C:\AI project demo\venv\Lib\site-packages\django\template\base.py", line 154, in __init__
    self.nodelist = self.compile_nodelist()
                    ^^^^^^^^^^^^^^^^^^^^^^^
  File "C:\AI project demo\venv\Lib\site-packages\django\template\base.py", line 196, in compile_nodelist
    nodelist = parser.parse()
               ^^^^^^^^^^^^^^
  File "C:\AI project demo\venv\Lib\site-packages\django\template\base.py", line 512, in parse
    self.invalid_block_tag(token, command, parse_until)
  File "C:\AI project demo\venv\Lib\site-packages\django\template\base.py", line 573, in invalid_block_tag
    raise self.error(
django.template.exceptions.TemplateSyntaxError: Invalid block tag on line 13: 'static'. Did you forget to register or load this tag?
2025-02-25 21:55:13,381 - Internal Server Error: /text_to_speech/text_to_speech/
Traceback (most recent call last):
  File "C:\AI project demo\venv\Lib\site-packages\django\template\base.py", line 510, in parse
    compile_func = self.tags[command]
                   ~~~~~~~~~^^^^^^^^^
KeyError: 'static'

During handling of the above exception, another exception occurred:

Traceback (most recent call last):
  File "C:\AI project demo\venv\Lib\site-packages\django\core\handlers\exception.py", line 55, in inner
    response = get_response(request)
               ^^^^^^^^^^^^^^^^^^^^^
  File "C:\AI project demo\venv\Lib\site-packages\django\core\handlers\base.py", line 197, in _get_response
    response = wrapped_callback(request, *callback_args, **callback_kwargs)
               ^^^^^^^^^^^^^^^^^^^^^^^^^^^^^^^^^^^^^^^^^^^^^^^^^^^^^^^^^^^^
  File "C:\AI project demo\assistant_project\core\views.py", line 36, in text_to_speech_view
    return render(request,'index.html')
           ^^^^^^^^^^^^^^^^^^^^^^^^^^^^
  File "C:\AI project demo\venv\Lib\site-packages\django\shortcuts.py", line 25, in render
    content = loader.render_to_string(template_name, context, request, using=using)
              ^^^^^^^^^^^^^^^^^^^^^^^^^^^^^^^^^^^^^^^^^^^^^^^^^^^^^^^^^^^^^^^^^^^^^
  File "C:\AI project demo\venv\Lib\site-packages\django\template\loader.py", line 61, in render_to_string
    template = get_template(template_name, using=using)
               ^^^^^^^^^^^^^^^^^^^^^^^^^^^^^^^^^^^^^^^^
  File "C:\AI project demo\venv\Lib\site-packages\django\template\loader.py", line 15, in get_template
    return engine.get_template(template_name)
           ^^^^^^^^^^^^^^^^^^^^^^^^^^^^^^^^^^
  File "C:\AI project demo\venv\Lib\site-packages\django\template\backends\django.py", line 79, in get_template
    return Template(self.engine.get_template(template_name), self)
                    ^^^^^^^^^^^^^^^^^^^^^^^^^^^^^^^^^^^^^^^
  File "C:\AI project demo\venv\Lib\site-packages\django\template\engine.py", line 177, in get_template
    template, origin = self.find_template(template_name)
                       ^^^^^^^^^^^^^^^^^^^^^^^^^^^^^^^^^
  File "C:\AI project demo\venv\Lib\site-packages\django\template\engine.py", line 159, in find_template
    template = loader.get_template(name, skip=skip)
               ^^^^^^^^^^^^^^^^^^^^^^^^^^^^^^^^^^^^
  File "C:\AI project demo\venv\Lib\site-packages\django\template\loaders\cached.py", line 57, in get_template
    template = super().get_template(template_name, skip)
               ^^^^^^^^^^^^^^^^^^^^^^^^^^^^^^^^^^^^^^^^^
  File "C:\AI project demo\venv\Lib\site-packages\django\template\loaders\base.py", line 28, in get_template
    return Template(
           ^^^^^^^^^
  File "C:\AI project demo\venv\Lib\site-packages\django\template\base.py", line 154, in __init__
    self.nodelist = self.compile_nodelist()
                    ^^^^^^^^^^^^^^^^^^^^^^^
  File "C:\AI project demo\venv\Lib\site-packages\django\template\base.py", line 196, in compile_nodelist
    nodelist = parser.parse()
               ^^^^^^^^^^^^^^
  File "C:\AI project demo\venv\Lib\site-packages\django\template\base.py", line 512, in parse
    self.invalid_block_tag(token, command, parse_until)
  File "C:\AI project demo\venv\Lib\site-packages\django\template\base.py", line 573, in invalid_block_tag
    raise self.error(
django.template.exceptions.TemplateSyntaxError: Invalid block tag on line 13: 'static'. Did you forget to register or load this tag?
2025-02-25 21:56:06,417 - Adding job tentatively -- it will be properly scheduled when the scheduler starts
2025-02-25 21:56:06,418 - Added job "reminder_task" to job store "default"
2025-02-25 21:56:06,418 - Scheduler started
2025-02-25 21:56:08,883 - Adding job tentatively -- it will be properly scheduled when the scheduler starts
2025-02-25 21:56:08,884 - Added job "reminder_task" to job store "default"
2025-02-25 21:56:08,884 - Scheduler started
2025-02-25 21:56:08,966 - Watching for file changes with StatReloader
2025-02-25 21:56:12,218 - Not Found: /
2025-02-25 21:56:50,628 - Not Found: /text_to_speech/text_to_speech/
2025-02-25 21:56:51,470 - Not Found: /text_to_speech/text_to_speech/
2025-02-25 21:57:01,573 - C:\AI project demo\assistant_project\core\urls.py changed, reloading.
2025-02-25 21:57:03,976 - Adding job tentatively -- it will be properly scheduled when the scheduler starts
2025-02-25 21:57:03,977 - Added job "reminder_task" to job store "default"
2025-02-25 21:57:03,977 - Scheduler started
2025-02-25 21:57:04,042 - Watching for file changes with StatReloader
2025-02-25 21:57:04,743 - Internal Server Error: /text_to_speech/text_to_speech/
Traceback (most recent call last):
  File "C:\AI project demo\venv\Lib\site-packages\django\template\base.py", line 510, in parse
    compile_func = self.tags[command]
                   ~~~~~~~~~^^^^^^^^^
KeyError: 'static'

During handling of the above exception, another exception occurred:

Traceback (most recent call last):
  File "C:\AI project demo\venv\Lib\site-packages\django\core\handlers\exception.py", line 55, in inner
    response = get_response(request)
               ^^^^^^^^^^^^^^^^^^^^^
  File "C:\AI project demo\venv\Lib\site-packages\django\core\handlers\base.py", line 197, in _get_response
    response = wrapped_callback(request, *callback_args, **callback_kwargs)
               ^^^^^^^^^^^^^^^^^^^^^^^^^^^^^^^^^^^^^^^^^^^^^^^^^^^^^^^^^^^^
  File "C:\AI project demo\assistant_project\core\views.py", line 36, in text_to_speech_view
    return render(request,'index.html')
           ^^^^^^^^^^^^^^^^^^^^^^^^^^^^
  File "C:\AI project demo\venv\Lib\site-packages\django\shortcuts.py", line 25, in render
    content = loader.render_to_string(template_name, context, request, using=using)
              ^^^^^^^^^^^^^^^^^^^^^^^^^^^^^^^^^^^^^^^^^^^^^^^^^^^^^^^^^^^^^^^^^^^^^
  File "C:\AI project demo\venv\Lib\site-packages\django\template\loader.py", line 61, in render_to_string
    template = get_template(template_name, using=using)
               ^^^^^^^^^^^^^^^^^^^^^^^^^^^^^^^^^^^^^^^^
  File "C:\AI project demo\venv\Lib\site-packages\django\template\loader.py", line 15, in get_template
    return engine.get_template(template_name)
           ^^^^^^^^^^^^^^^^^^^^^^^^^^^^^^^^^^
  File "C:\AI project demo\venv\Lib\site-packages\django\template\backends\django.py", line 79, in get_template
    return Template(self.engine.get_template(template_name), self)
                    ^^^^^^^^^^^^^^^^^^^^^^^^^^^^^^^^^^^^^^^
  File "C:\AI project demo\venv\Lib\site-packages\django\template\engine.py", line 177, in get_template
    template, origin = self.find_template(template_name)
                       ^^^^^^^^^^^^^^^^^^^^^^^^^^^^^^^^^
  File "C:\AI project demo\venv\Lib\site-packages\django\template\engine.py", line 159, in find_template
    template = loader.get_template(name, skip=skip)
               ^^^^^^^^^^^^^^^^^^^^^^^^^^^^^^^^^^^^
  File "C:\AI project demo\venv\Lib\site-packages\django\template\loaders\cached.py", line 57, in get_template
    template = super().get_template(template_name, skip)
               ^^^^^^^^^^^^^^^^^^^^^^^^^^^^^^^^^^^^^^^^^
  File "C:\AI project demo\venv\Lib\site-packages\django\template\loaders\base.py", line 28, in get_template
    return Template(
           ^^^^^^^^^
  File "C:\AI project demo\venv\Lib\site-packages\django\template\base.py", line 154, in __init__
    self.nodelist = self.compile_nodelist()
                    ^^^^^^^^^^^^^^^^^^^^^^^
  File "C:\AI project demo\venv\Lib\site-packages\django\template\base.py", line 196, in compile_nodelist
    nodelist = parser.parse()
               ^^^^^^^^^^^^^^
  File "C:\AI project demo\venv\Lib\site-packages\django\template\base.py", line 512, in parse
    self.invalid_block_tag(token, command, parse_until)
  File "C:\AI project demo\venv\Lib\site-packages\django\template\base.py", line 573, in invalid_block_tag
    raise self.error(
django.template.exceptions.TemplateSyntaxError: Invalid block tag on line 13: 'static'. Did you forget to register or load this tag?
2025-02-25 21:59:13,749 - Not Found: /customized_tts/
2025-02-25 21:59:33,684 - Internal Server Error: /customized_tts/save-theme/
Traceback (most recent call last):
  File "C:\AI project demo\venv\Lib\site-packages\django\core\handlers\exception.py", line 55, in inner
    response = get_response(request)
               ^^^^^^^^^^^^^^^^^^^^^
  File "C:\AI project demo\venv\Lib\site-packages\django\core\handlers\base.py", line 197, in _get_response
    response = wrapped_callback(request, *callback_args, **callback_kwargs)
               ^^^^^^^^^^^^^^^^^^^^^^^^^^^^^^^^^^^^^^^^^^^^^^^^^^^^^^^^^^^^
  File "C:\AI project demo\venv\Lib\site-packages\django\contrib\auth\decorators.py", line 60, in _view_wrapper
    return view_func(request, *args, **kwargs)
           ^^^^^^^^^^^^^^^^^^^^^^^^^^^^^^^^^^^
  File "C:\AI project demo\assistant_project\core\views.py", line 206, in save_theme_preference
    user_profile = request.user.profile  # Access the related UserProfile
                   ^^^^^^^^^^^^^^^^^^^^
  File "C:\AI project demo\venv\Lib\site-packages\django\utils\functional.py", line 253, in inner
    return func(_wrapped, *args)
           ^^^^^^^^^^^^^^^^^^^^^
AttributeError: 'User' object has no attribute 'profile'
2025-02-25 21:59:46,129 - Internal Server Error: /customized_tts/text_to_speech/
Traceback (most recent call last):
  File "C:\AI project demo\venv\Lib\site-packages\django\template\base.py", line 510, in parse
    compile_func = self.tags[command]
                   ~~~~~~~~~^^^^^^^^^
KeyError: 'static'

During handling of the above exception, another exception occurred:

Traceback (most recent call last):
  File "C:\AI project demo\venv\Lib\site-packages\django\core\handlers\exception.py", line 55, in inner
    response = get_response(request)
               ^^^^^^^^^^^^^^^^^^^^^
  File "C:\AI project demo\venv\Lib\site-packages\django\core\handlers\base.py", line 197, in _get_response
    response = wrapped_callback(request, *callback_args, **callback_kwargs)
               ^^^^^^^^^^^^^^^^^^^^^^^^^^^^^^^^^^^^^^^^^^^^^^^^^^^^^^^^^^^^
  File "C:\AI project demo\assistant_project\core\views.py", line 36, in text_to_speech_view
    return render(request,'index.html')
           ^^^^^^^^^^^^^^^^^^^^^^^^^^^^
  File "C:\AI project demo\venv\Lib\site-packages\django\shortcuts.py", line 25, in render
    content = loader.render_to_string(template_name, context, request, using=using)
              ^^^^^^^^^^^^^^^^^^^^^^^^^^^^^^^^^^^^^^^^^^^^^^^^^^^^^^^^^^^^^^^^^^^^^
  File "C:\AI project demo\venv\Lib\site-packages\django\template\loader.py", line 61, in render_to_string
    template = get_template(template_name, using=using)
               ^^^^^^^^^^^^^^^^^^^^^^^^^^^^^^^^^^^^^^^^
  File "C:\AI project demo\venv\Lib\site-packages\django\template\loader.py", line 15, in get_template
    return engine.get_template(template_name)
           ^^^^^^^^^^^^^^^^^^^^^^^^^^^^^^^^^^
  File "C:\AI project demo\venv\Lib\site-packages\django\template\backends\django.py", line 79, in get_template
    return Template(self.engine.get_template(template_name), self)
                    ^^^^^^^^^^^^^^^^^^^^^^^^^^^^^^^^^^^^^^^
  File "C:\AI project demo\venv\Lib\site-packages\django\template\engine.py", line 177, in get_template
    template, origin = self.find_template(template_name)
                       ^^^^^^^^^^^^^^^^^^^^^^^^^^^^^^^^^
  File "C:\AI project demo\venv\Lib\site-packages\django\template\engine.py", line 159, in find_template
    template = loader.get_template(name, skip=skip)
               ^^^^^^^^^^^^^^^^^^^^^^^^^^^^^^^^^^^^
  File "C:\AI project demo\venv\Lib\site-packages\django\template\loaders\cached.py", line 57, in get_template
    template = super().get_template(template_name, skip)
               ^^^^^^^^^^^^^^^^^^^^^^^^^^^^^^^^^^^^^^^^^
  File "C:\AI project demo\venv\Lib\site-packages\django\template\loaders\base.py", line 28, in get_template
    return Template(
           ^^^^^^^^^
  File "C:\AI project demo\venv\Lib\site-packages\django\template\base.py", line 154, in __init__
    self.nodelist = self.compile_nodelist()
                    ^^^^^^^^^^^^^^^^^^^^^^^
  File "C:\AI project demo\venv\Lib\site-packages\django\template\base.py", line 196, in compile_nodelist
    nodelist = parser.parse()
               ^^^^^^^^^^^^^^
  File "C:\AI project demo\venv\Lib\site-packages\django\template\base.py", line 512, in parse
    self.invalid_block_tag(token, command, parse_until)
  File "C:\AI project demo\venv\Lib\site-packages\django\template\base.py", line 573, in invalid_block_tag
    raise self.error(
django.template.exceptions.TemplateSyntaxError: Invalid block tag on line 13: 'static'. Did you forget to register or load this tag?
2025-02-25 22:00:47,069 - C:\AI project demo\assistant_project\core\urls.py changed, reloading.
2025-02-25 22:00:50,041 - Adding job tentatively -- it will be properly scheduled when the scheduler starts
2025-02-25 22:00:50,043 - Added job "reminder_task" to job store "default"
2025-02-25 22:00:50,043 - Scheduler started
2025-02-25 22:00:50,129 - Watching for file changes with StatReloader
2025-02-25 22:10:46,877 - C:\AI project demo\assistant_project\core\views.py changed, reloading.
2025-02-25 22:10:50,603 - Adding job tentatively -- it will be properly scheduled when the scheduler starts
2025-02-25 22:10:50,604 - Added job "reminder_task" to job store "default"
2025-02-25 22:10:50,604 - Scheduler started
2025-02-25 22:10:50,714 - Watching for file changes with StatReloader
2025-02-25 22:10:53,132 - C:\AI project demo\assistant_project\core\views.py changed, reloading.
2025-02-25 22:10:55,834 - Adding job tentatively -- it will be properly scheduled when the scheduler starts
2025-02-25 22:10:55,835 - Added job "reminder_task" to job store "default"
2025-02-25 22:10:55,835 - Scheduler started
2025-02-25 22:10:55,925 - Watching for file changes with StatReloader
2025-02-25 22:10:59,493 - C:\AI project demo\assistant_project\core\views.py changed, reloading.
2025-02-25 22:11:02,824 - Adding job tentatively -- it will be properly scheduled when the scheduler starts
2025-02-25 22:11:02,825 - Added job "reminder_task" to job store "default"
2025-02-25 22:11:02,825 - Scheduler started
2025-02-25 22:11:02,918 - Watching for file changes with StatReloader
2025-02-25 22:11:07,584 - C:\AI project demo\assistant_project\core\views.py changed, reloading.
2025-02-25 22:13:03,153 - Adding job tentatively -- it will be properly scheduled when the scheduler starts
2025-02-25 22:13:03,154 - Added job "reminder_task" to job store "default"
2025-02-25 22:13:03,154 - Scheduler started
2025-02-25 22:13:05,665 - Adding job tentatively -- it will be properly scheduled when the scheduler starts
2025-02-25 22:13:05,666 - Added job "reminder_task" to job store "default"
2025-02-25 22:13:05,666 - Scheduler started
2025-02-25 22:13:05,754 - Watching for file changes with StatReloader
2025-02-25 22:13:07,875 - Not Found: /
2025-02-25 22:13:18,937 - Not Found: /voice_command/
2025-02-25 22:13:25,871 - Internal Server Error: /voice_command/voice_command/
Traceback (most recent call last):
  File "C:\AI project demo\venv\Lib\site-packages\django\core\handlers\exception.py", line 55, in inner
    response = get_response(request)
               ^^^^^^^^^^^^^^^^^^^^^
  File "C:\AI project demo\venv\Lib\site-packages\django\core\handlers\base.py", line 197, in _get_response
    response = wrapped_callback(request, *callback_args, **callback_kwargs)
               ^^^^^^^^^^^^^^^^^^^^^^^^^^^^^^^^^^^^^^^^^^^^^^^^^^^^^^^^^^^^
  File "C:\AI project demo\assistant_project\core\views.py", line 64, in voice_command_view
    return render(request, 'voice_command/index.html')
           ^^^^^^^^^^^^^^^^^^^^^^^^^^^^^^^^^^^^^^^^^^^
  File "C:\AI project demo\venv\Lib\site-packages\django\shortcuts.py", line 25, in render
    content = loader.render_to_string(template_name, context, request, using=using)
              ^^^^^^^^^^^^^^^^^^^^^^^^^^^^^^^^^^^^^^^^^^^^^^^^^^^^^^^^^^^^^^^^^^^^^
  File "C:\AI project demo\venv\Lib\site-packages\django\template\loader.py", line 61, in render_to_string
    template = get_template(template_name, using=using)
               ^^^^^^^^^^^^^^^^^^^^^^^^^^^^^^^^^^^^^^^^
  File "C:\AI project demo\venv\Lib\site-packages\django\template\loader.py", line 19, in get_template
    raise TemplateDoesNotExist(template_name, chain=chain)
django.template.exceptions.TemplateDoesNotExist: voice_command/index.html
2025-02-26 21:26:56,942 - Adding job tentatively -- it will be properly scheduled when the scheduler starts
2025-02-26 21:26:56,943 - Added job "reminder_task" to job store "default"
2025-02-26 21:26:56,943 - Scheduler started
2025-02-26 21:26:58,287 - Adding job tentatively -- it will be properly scheduled when the scheduler starts
2025-02-26 21:26:58,288 - Added job "reminder_task" to job store "default"
2025-02-26 21:26:58,288 - Scheduler started
2025-02-26 21:26:58,345 - Watching for file changes with StatReloader
2025-02-26 21:27:33,545 - Adding job tentatively -- it will be properly scheduled when the scheduler starts
2025-02-26 21:27:33,545 - Added job "reminder_task" to job store "default"
2025-02-26 21:27:33,545 - Scheduler started
2025-02-26 21:30:56,760 - Adding job tentatively -- it will be properly scheduled when the scheduler starts
2025-02-26 21:30:56,763 - Added job "reminder_task" to job store "default"
2025-02-26 21:30:56,763 - Scheduler started
2025-02-26 21:30:58,292 - Adding job tentatively -- it will be properly scheduled when the scheduler starts
2025-02-26 21:30:58,294 - Added job "reminder_task" to job store "default"
2025-02-26 21:30:58,294 - Scheduler started
2025-02-26 21:30:58,352 - Watching for file changes with StatReloader
2025-02-26 21:31:00,455 - Not Found: /
2025-02-26 21:31:01,828 - Not Found: /favicon.ico
2025-02-26 21:31:10,179 - Not Found: /voice_command/
2025-02-26 21:31:15,533 - Internal Server Error: /voice_command/voice_command/
Traceback (most recent call last):
  File "C:\AI project demo\venv\Lib\site-packages\django\core\handlers\exception.py", line 55, in inner
    response = get_response(request)
               ^^^^^^^^^^^^^^^^^^^^^
  File "C:\AI project demo\venv\Lib\site-packages\django\core\handlers\base.py", line 197, in _get_response
    response = wrapped_callback(request, *callback_args, **callback_kwargs)
               ^^^^^^^^^^^^^^^^^^^^^^^^^^^^^^^^^^^^^^^^^^^^^^^^^^^^^^^^^^^^
  File "C:\AI project demo\assistant_project\core\views.py", line 64, in voice_command_view
    return render(request, 'voice_command/index.html')
           ^^^^^^^^^^^^^^^^^^^^^^^^^^^^^^^^^^^^^^^^^^^
  File "C:\AI project demo\venv\Lib\site-packages\django\shortcuts.py", line 25, in render
    content = loader.render_to_string(template_name, context, request, using=using)
              ^^^^^^^^^^^^^^^^^^^^^^^^^^^^^^^^^^^^^^^^^^^^^^^^^^^^^^^^^^^^^^^^^^^^^
  File "C:\AI project demo\venv\Lib\site-packages\django\template\loader.py", line 61, in render_to_string
    template = get_template(template_name, using=using)
               ^^^^^^^^^^^^^^^^^^^^^^^^^^^^^^^^^^^^^^^^
  File "C:\AI project demo\venv\Lib\site-packages\django\template\loader.py", line 19, in get_template
    raise TemplateDoesNotExist(template_name, chain=chain)
django.template.exceptions.TemplateDoesNotExist: voice_command/index.html
2025-02-26 21:33:34,150 - C:\AI project demo\assistant_project\core\urls.py changed, reloading.
2025-02-26 21:33:36,470 - Adding job tentatively -- it will be properly scheduled when the scheduler starts
2025-02-26 21:33:36,471 - Added job "reminder_task" to job store "default"
2025-02-26 21:33:36,471 - Scheduler started
2025-02-26 21:33:36,537 - Watching for file changes with StatReloader
2025-02-26 21:33:53,950 - C:\AI project demo\assistant_project\core\urls.py changed, reloading.
2025-02-26 21:33:55,775 - Adding job tentatively -- it will be properly scheduled when the scheduler starts
2025-02-26 21:33:55,776 - Added job "reminder_task" to job store "default"
2025-02-26 21:33:55,776 - Scheduler started
2025-02-26 21:33:55,832 - Watching for file changes with StatReloader
2025-02-26 21:34:45,557 - C:\AI project demo\assistant_project\core\urls.py changed, reloading.
2025-02-26 21:34:47,185 - Adding job tentatively -- it will be properly scheduled when the scheduler starts
2025-02-26 21:34:47,188 - Added job "reminder_task" to job store "default"
2025-02-26 21:34:47,188 - Scheduler started
2025-02-26 21:34:47,243 - Watching for file changes with StatReloader
2025-02-26 21:34:49,747 - C:\AI project demo\assistant_project\core\urls.py changed, reloading.
2025-02-26 21:34:51,911 - Adding job tentatively -- it will be properly scheduled when the scheduler starts
2025-02-26 21:34:51,912 - Added job "reminder_task" to job store "default"
2025-02-26 21:34:51,912 - Scheduler started
2025-02-26 21:34:52,005 - Watching for file changes with StatReloader
2025-02-26 21:35:18,000 - C:\AI project demo\assistant_project\core\urls.py changed, reloading.
2025-02-26 21:41:30,770 - Adding job tentatively -- it will be properly scheduled when the scheduler starts
2025-02-26 21:41:30,770 - Added job "reminder_task" to job store "default"
2025-02-26 21:41:30,770 - Scheduler started
2025-02-26 21:41:32,128 - Adding job tentatively -- it will be properly scheduled when the scheduler starts
2025-02-26 21:41:32,128 - Added job "reminder_task" to job store "default"
2025-02-26 21:41:32,128 - Scheduler started
2025-02-26 21:41:32,177 - Watching for file changes with StatReloader
2025-02-26 21:41:34,261 - Not Found: /
2025-02-26 21:41:48,823 - Not Found: /voice_command/voice_command/
2025-02-26 21:41:56,590 - Internal Server Error: /voice_command/voice/
Traceback (most recent call last):
  File "C:\AI project demo\venv\Lib\site-packages\django\core\handlers\exception.py", line 55, in inner
    response = get_response(request)
               ^^^^^^^^^^^^^^^^^^^^^
  File "C:\AI project demo\venv\Lib\site-packages\django\core\handlers\base.py", line 197, in _get_response
    response = wrapped_callback(request, *callback_args, **callback_kwargs)
               ^^^^^^^^^^^^^^^^^^^^^^^^^^^^^^^^^^^^^^^^^^^^^^^^^^^^^^^^^^^^
  File "C:\AI project demo\assistant_project\core\views.py", line 64, in voice_command_view
    return render(request, 'voice_command/index.html')
           ^^^^^^^^^^^^^^^^^^^^^^^^^^^^^^^^^^^^^^^^^^^
  File "C:\AI project demo\venv\Lib\site-packages\django\shortcuts.py", line 25, in render
    content = loader.render_to_string(template_name, context, request, using=using)
              ^^^^^^^^^^^^^^^^^^^^^^^^^^^^^^^^^^^^^^^^^^^^^^^^^^^^^^^^^^^^^^^^^^^^^
  File "C:\AI project demo\venv\Lib\site-packages\django\template\loader.py", line 61, in render_to_string
    template = get_template(template_name, using=using)
               ^^^^^^^^^^^^^^^^^^^^^^^^^^^^^^^^^^^^^^^^
  File "C:\AI project demo\venv\Lib\site-packages\django\template\loader.py", line 19, in get_template
    raise TemplateDoesNotExist(template_name, chain=chain)
django.template.exceptions.TemplateDoesNotExist: voice_command/index.html
2025-02-27 21:21:31,841 - Adding job tentatively -- it will be properly scheduled when the scheduler starts
2025-02-27 21:21:31,843 - Added job "reminder_task" to job store "default"
2025-02-27 21:21:31,844 - Scheduler started
2025-02-27 21:21:34,090 - Adding job tentatively -- it will be properly scheduled when the scheduler starts
2025-02-27 21:21:34,091 - Added job "reminder_task" to job store "default"
2025-02-27 21:21:34,091 - Scheduler started
2025-02-27 21:21:34,170 - Watching for file changes with StatReloader
2025-02-27 21:21:40,373 - Not Found: /
2025-02-27 21:21:43,653 - Not Found: /favicon.ico
2025-02-27 21:23:59,494 - Not Found: /text_to_speech/text_to_speech/
2025-02-27 21:24:01,411 - Not Found: /text_to_speech/text_to_speech/
2025-02-27 21:24:22,918 - Internal Server Error: /text_to_speech/voice/
Traceback (most recent call last):
  File "C:\AI project demo\venv\Lib\site-packages\django\core\handlers\exception.py", line 55, in inner
    response = get_response(request)
               ^^^^^^^^^^^^^^^^^^^^^
  File "C:\AI project demo\venv\Lib\site-packages\django\core\handlers\base.py", line 197, in _get_response
    response = wrapped_callback(request, *callback_args, **callback_kwargs)
               ^^^^^^^^^^^^^^^^^^^^^^^^^^^^^^^^^^^^^^^^^^^^^^^^^^^^^^^^^^^^
  File "C:\AI project demo\assistant_project\core\views.py", line 64, in voice_command_view
    return render(request, 'voice_command/index.html')
           ^^^^^^^^^^^^^^^^^^^^^^^^^^^^^^^^^^^^^^^^^^^
  File "C:\AI project demo\venv\Lib\site-packages\django\shortcuts.py", line 25, in render
    content = loader.render_to_string(template_name, context, request, using=using)
              ^^^^^^^^^^^^^^^^^^^^^^^^^^^^^^^^^^^^^^^^^^^^^^^^^^^^^^^^^^^^^^^^^^^^^
  File "C:\AI project demo\venv\Lib\site-packages\django\template\loader.py", line 61, in render_to_string
    template = get_template(template_name, using=using)
               ^^^^^^^^^^^^^^^^^^^^^^^^^^^^^^^^^^^^^^^^
  File "C:\AI project demo\venv\Lib\site-packages\django\template\loader.py", line 19, in get_template
    raise TemplateDoesNotExist(template_name, chain=chain)
django.template.exceptions.TemplateDoesNotExist: voice_command/index.html
2025-02-27 21:28:32,802 - C:\AI project demo\assistant_project\assistant_project\settings.py changed, reloading.
2025-02-27 21:28:36,146 - Adding job tentatively -- it will be properly scheduled when the scheduler starts
2025-02-27 21:28:36,147 - Added job "reminder_task" to job store "default"
2025-02-27 21:28:36,147 - Scheduler started
2025-02-27 21:28:36,239 - Watching for file changes with StatReloader
2025-02-27 21:28:40,593 - C:\AI project demo\assistant_project\assistant_project\settings.py changed, reloading.
2025-02-27 21:28:43,297 - Adding job tentatively -- it will be properly scheduled when the scheduler starts
2025-02-27 21:28:43,299 - Added job "reminder_task" to job store "default"
2025-02-27 21:28:43,299 - Scheduler started
2025-02-27 21:28:43,390 - Watching for file changes with StatReloader
2025-02-27 21:30:29,560 - C:\AI project demo\assistant_project\core\views.py changed, reloading.
2025-02-27 21:30:32,520 - Adding job tentatively -- it will be properly scheduled when the scheduler starts
2025-02-27 21:30:32,522 - Added job "reminder_task" to job store "default"
2025-02-27 21:30:32,522 - Scheduler started
2025-02-27 21:30:32,614 - Watching for file changes with StatReloader
2025-02-27 21:30:59,901 - C:\AI project demo\assistant_project\core\views.py changed, reloading.
2025-02-27 21:31:02,400 - Adding job tentatively -- it will be properly scheduled when the scheduler starts
2025-02-27 21:31:02,402 - Added job "reminder_task" to job store "default"
2025-02-27 21:31:02,403 - Scheduler started
2025-02-27 21:31:02,487 - Watching for file changes with StatReloader
2025-02-27 21:31:04,736 - C:\AI project demo\assistant_project\core\views.py changed, reloading.
2025-02-27 21:31:07,387 - Adding job tentatively -- it will be properly scheduled when the scheduler starts
2025-02-27 21:31:07,387 - Added job "reminder_task" to job store "default"
2025-02-27 21:31:07,387 - Scheduler started
2025-02-27 21:31:07,477 - Watching for file changes with StatReloader
2025-02-27 21:32:18,055 - Adding job tentatively -- it will be properly scheduled when the scheduler starts
2025-02-27 21:32:18,057 - Added job "reminder_task" to job store "default"
2025-02-27 21:32:18,057 - Scheduler started
2025-02-27 21:32:20,640 - Adding job tentatively -- it will be properly scheduled when the scheduler starts
2025-02-27 21:32:20,642 - Added job "reminder_task" to job store "default"
2025-02-27 21:32:20,642 - Scheduler started
2025-02-27 21:32:20,732 - Watching for file changes with StatReloader
2025-02-27 21:32:24,477 - Not Found: /
2025-02-27 21:32:33,878 - Not Found: /voice_command/voice_command/
2025-02-27 21:32:38,916 - Not Found: /voice_command/voice/script.js
2025-02-27 21:42:13,250 - C:\AI project demo\assistant_project\core\views.py changed, reloading.
2025-02-27 21:42:17,378 - Adding job tentatively -- it will be properly scheduled when the scheduler starts
2025-02-27 21:42:17,379 - Added job "reminder_task" to job store "default"
2025-02-27 21:42:17,379 - Scheduler started
2025-02-27 21:42:17,500 - Watching for file changes with StatReloader
2025-02-27 21:42:29,322 - C:\AI project demo\assistant_project\core\views.py changed, reloading.
2025-02-27 21:42:32,001 - Adding job tentatively -- it will be properly scheduled when the scheduler starts
2025-02-27 21:42:32,001 - Added job "reminder_task" to job store "default"
2025-02-27 21:42:32,001 - Scheduler started
2025-02-27 21:42:32,087 - Watching for file changes with StatReloader
2025-02-27 21:42:40,304 - C:\AI project demo\assistant_project\core\views.py changed, reloading.
2025-02-27 21:42:43,319 - Adding job tentatively -- it will be properly scheduled when the scheduler starts
2025-02-27 21:42:43,320 - Added job "reminder_task" to job store "default"
2025-02-27 21:42:43,320 - Scheduler started
2025-02-27 21:42:43,400 - Watching for file changes with StatReloader
2025-02-27 21:42:48,279 - Not Found: /
2025-02-27 21:43:03,301 - Not Found: /voice_command/voice/script.js
2025-02-27 21:43:46,654 - C:\AI project demo\assistant_project\core\views.py changed, reloading.
2025-02-27 21:43:49,761 - Adding job tentatively -- it will be properly scheduled when the scheduler starts
2025-02-27 21:43:49,762 - Added job "reminder_task" to job store "default"
2025-02-27 21:43:49,762 - Scheduler started
2025-02-27 21:43:49,841 - Watching for file changes with StatReloader
2025-02-27 21:43:59,828 - C:\AI project demo\assistant_project\core\views.py changed, reloading.
2025-02-27 21:44:02,473 - Adding job tentatively -- it will be properly scheduled when the scheduler starts
2025-02-27 21:44:02,473 - Added job "reminder_task" to job store "default"
2025-02-27 21:44:02,473 - Scheduler started
2025-02-27 21:44:02,558 - Watching for file changes with StatReloader
2025-02-27 21:44:05,404 - C:\AI project demo\assistant_project\core\views.py changed, reloading.
2025-02-27 21:44:07,952 - Adding job tentatively -- it will be properly scheduled when the scheduler starts
2025-02-27 21:44:07,953 - Added job "reminder_task" to job store "default"
2025-02-27 21:44:07,953 - Scheduler started
2025-02-27 21:44:08,040 - Watching for file changes with StatReloader
2025-02-27 21:44:26,509 - C:\AI project demo\assistant_project\core\views.py changed, reloading.
2025-02-27 21:44:29,501 - Adding job tentatively -- it will be properly scheduled when the scheduler starts
2025-02-27 21:44:29,503 - Added job "reminder_task" to job store "default"
2025-02-27 21:44:29,503 - Scheduler started
2025-02-27 21:44:29,636 - Watching for file changes with StatReloader
2025-02-27 21:44:31,354 - C:\AI project demo\assistant_project\core\views.py changed, reloading.
2025-02-27 21:44:34,032 - Adding job tentatively -- it will be properly scheduled when the scheduler starts
2025-02-27 21:44:34,033 - Added job "reminder_task" to job store "default"
2025-02-27 21:44:34,033 - Scheduler started
2025-02-27 21:44:34,122 - Watching for file changes with StatReloader
2025-02-27 21:44:36,305 - C:\AI project demo\assistant_project\core\views.py changed, reloading.
2025-02-27 21:44:38,787 - Adding job tentatively -- it will be properly scheduled when the scheduler starts
2025-02-27 21:44:38,788 - Added job "reminder_task" to job store "default"
2025-02-27 21:44:38,788 - Scheduler started
2025-02-27 21:44:38,869 - Watching for file changes with StatReloader
2025-02-27 21:45:05,170 - C:\AI project demo\assistant_project\core\views.py changed, reloading.
2025-02-27 21:45:07,950 - Adding job tentatively -- it will be properly scheduled when the scheduler starts
2025-02-27 21:45:07,951 - Added job "reminder_task" to job store "default"
2025-02-27 21:45:07,951 - Scheduler started
2025-02-27 21:45:08,036 - Watching for file changes with StatReloader
2025-02-27 21:45:11,514 - C:\AI project demo\assistant_project\core\views.py changed, reloading.
2025-02-27 21:48:05,099 - Adding job tentatively -- it will be properly scheduled when the scheduler starts
2025-02-27 21:48:05,100 - Added job "reminder_task" to job store "default"
2025-02-27 21:48:05,100 - Scheduler started
2025-02-27 21:48:07,270 - Adding job tentatively -- it will be properly scheduled when the scheduler starts
2025-02-27 21:48:07,271 - Added job "reminder_task" to job store "default"
2025-02-27 21:48:07,271 - Scheduler started
2025-02-27 21:48:07,352 - Watching for file changes with StatReloader
2025-02-27 21:48:15,810 - Not Found: /
2025-02-27 21:48:30,957 - Not Found: /
2025-02-27 21:56:57,743 - Adding job tentatively -- it will be properly scheduled when the scheduler starts
2025-02-27 21:56:57,744 - Added job "reminder_task" to job store "default"
2025-02-27 21:56:57,744 - Scheduler started
2025-02-27 21:57:00,140 - Adding job tentatively -- it will be properly scheduled when the scheduler starts
2025-02-27 21:57:00,141 - Added job "reminder_task" to job store "default"
2025-02-27 21:57:00,141 - Scheduler started
2025-02-27 21:57:00,238 - Watching for file changes with StatReloader
2025-02-27 21:57:33,498 - C:\AI project demo\assistant_project\core\views.py changed, reloading.
2025-02-27 21:57:36,180 - Adding job tentatively -- it will be properly scheduled when the scheduler starts
2025-02-27 21:57:36,181 - Added job "reminder_task" to job store "default"
2025-02-27 21:57:36,181 - Scheduler started
2025-02-27 21:57:36,277 - Watching for file changes with StatReloader
2025-02-27 21:57:41,288 - C:\AI project demo\assistant_project\core\views.py changed, reloading.
2025-02-27 21:57:43,943 - Adding job tentatively -- it will be properly scheduled when the scheduler starts
2025-02-27 21:57:43,944 - Added job "reminder_task" to job store "default"
2025-02-27 21:57:43,944 - Scheduler started
2025-02-27 21:57:44,024 - Watching for file changes with StatReloader
2025-02-27 21:57:53,507 - C:\AI project demo\assistant_project\core\utils.py changed, reloading.
2025-02-27 21:57:56,054 - Adding job tentatively -- it will be properly scheduled when the scheduler starts
2025-02-27 21:57:56,055 - Added job "reminder_task" to job store "default"
2025-02-27 21:57:56,055 - Scheduler started
2025-02-27 21:57:56,144 - Watching for file changes with StatReloader
2025-02-27 21:58:01,123 - Not Found: /
2025-02-27 21:58:26,900 - Not Found: /
2025-02-27 21:58:39,782 - Not Found: /voice_command/voice/script.js
2025-02-27 21:58:50,969 - Not Found: /
2025-02-27 21:58:57,267 - Internal Server Error: /text_to_speech/text_to_speech/
Traceback (most recent call last):
  File "C:\AI project demo\venv\Lib\site-packages\django\core\handlers\exception.py", line 55, in inner
    response = get_response(request)
               ^^^^^^^^^^^^^^^^^^^^^
  File "C:\AI project demo\venv\Lib\site-packages\django\core\handlers\base.py", line 197, in _get_response
    response = wrapped_callback(request, *callback_args, **callback_kwargs)
               ^^^^^^^^^^^^^^^^^^^^^^^^^^^^^^^^^^^^^^^^^^^^^^^^^^^^^^^^^^^^
  File "C:\AI project demo\assistant_project\core\views.py", line 33, in text_to_speech_view
    return render(request,'index.html')
           ^^^^^^^^^^^^^^^^^^^^^^^^^^^^
  File "C:\AI project demo\venv\Lib\site-packages\django\shortcuts.py", line 25, in render
    content = loader.render_to_string(template_name, context, request, using=using)
              ^^^^^^^^^^^^^^^^^^^^^^^^^^^^^^^^^^^^^^^^^^^^^^^^^^^^^^^^^^^^^^^^^^^^^
  File "C:\AI project demo\venv\Lib\site-packages\django\template\loader.py", line 61, in render_to_string
    template = get_template(template_name, using=using)
               ^^^^^^^^^^^^^^^^^^^^^^^^^^^^^^^^^^^^^^^^
  File "C:\AI project demo\venv\Lib\site-packages\django\template\loader.py", line 19, in get_template
    raise TemplateDoesNotExist(template_name, chain=chain)
django.template.exceptions.TemplateDoesNotExist: index.html
2025-02-27 21:58:58,288 - Internal Server Error: /text_to_speech/text_to_speech/
Traceback (most recent call last):
  File "C:\AI project demo\venv\Lib\site-packages\django\core\handlers\exception.py", line 55, in inner
    response = get_response(request)
               ^^^^^^^^^^^^^^^^^^^^^
  File "C:\AI project demo\venv\Lib\site-packages\django\core\handlers\base.py", line 197, in _get_response
    response = wrapped_callback(request, *callback_args, **callback_kwargs)
               ^^^^^^^^^^^^^^^^^^^^^^^^^^^^^^^^^^^^^^^^^^^^^^^^^^^^^^^^^^^^
  File "C:\AI project demo\assistant_project\core\views.py", line 33, in text_to_speech_view
    return render(request,'index.html')
           ^^^^^^^^^^^^^^^^^^^^^^^^^^^^
  File "C:\AI project demo\venv\Lib\site-packages\django\shortcuts.py", line 25, in render
    content = loader.render_to_string(template_name, context, request, using=using)
              ^^^^^^^^^^^^^^^^^^^^^^^^^^^^^^^^^^^^^^^^^^^^^^^^^^^^^^^^^^^^^^^^^^^^^
  File "C:\AI project demo\venv\Lib\site-packages\django\template\loader.py", line 61, in render_to_string
    template = get_template(template_name, using=using)
               ^^^^^^^^^^^^^^^^^^^^^^^^^^^^^^^^^^^^^^^^
  File "C:\AI project demo\venv\Lib\site-packages\django\template\loader.py", line 19, in get_template
    raise TemplateDoesNotExist(template_name, chain=chain)
django.template.exceptions.TemplateDoesNotExist: index.html
2025-02-27 21:59:04,272 - Not Found: /text_to_speech/
2025-02-27 21:59:25,354 - Imported existing <module 'comtypes.gen' from 'C:\\AI project demo\\venv\\Lib\\site-packages\\comtypes\\gen\\__init__.py'>
2025-02-27 21:59:25,354 - Using writeable comtypes cache directory: 'C:\AI project demo\venv\Lib\site-packages\comtypes\gen'
2025-02-27 21:59:25,567 - Could not import comtypes.gen._C866CA3A_32F7_11D2_9602_00C04F8EE628_0_5_4: Typelib different than module
2025-02-27 21:59:25,573 - # Generating comtypes.gen._C866CA3A_32F7_11D2_9602_00C04F8EE628_0_5_4
2025-02-27 21:59:25,898 - # Generating comtypes.gen.SpeechLib
2025-02-27 21:59:44,668 - Internal Server Error: /text_to_speech/save-theme/
Traceback (most recent call last):
  File "C:\AI project demo\venv\Lib\site-packages\django\core\handlers\exception.py", line 55, in inner
    response = get_response(request)
               ^^^^^^^^^^^^^^^^^^^^^
  File "C:\AI project demo\venv\Lib\site-packages\django\core\handlers\base.py", line 197, in _get_response
    response = wrapped_callback(request, *callback_args, **callback_kwargs)
               ^^^^^^^^^^^^^^^^^^^^^^^^^^^^^^^^^^^^^^^^^^^^^^^^^^^^^^^^^^^^
  File "C:\AI project demo\venv\Lib\site-packages\django\contrib\auth\decorators.py", line 60, in _view_wrapper
    return view_func(request, *args, **kwargs)
           ^^^^^^^^^^^^^^^^^^^^^^^^^^^^^^^^^^^
  File "C:\AI project demo\assistant_project\core\views.py", line 204, in save_theme_preference
    user_profile = request.user.profile  # Access the related UserProfile
                   ^^^^^^^^^^^^^^^^^^^^
  File "C:\AI project demo\venv\Lib\site-packages\django\utils\functional.py", line 253, in inner
    return func(_wrapped, *args)
           ^^^^^^^^^^^^^^^^^^^^^
AttributeError: 'User' object has no attribute 'profile'
2025-02-27 21:59:57,605 - Not Found: /text_to_speech/customized_tts/
2025-02-27 22:00:04,972 - Not Found: /customized_tts/
2025-02-27 22:00:14,666 - Not Found: /list_voices/
2025-02-27 22:00:29,453 - Not Found: /list_voices/voice/script.js
2025-02-27 22:00:46,698 - C:\AI project demo\assistant_project\core\views.py changed, reloading.
2025-02-27 22:01:06,915 - Adding job tentatively -- it will be properly scheduled when the scheduler starts
2025-02-27 22:01:06,916 - Added job "reminder_task" to job store "default"
2025-02-27 22:01:06,917 - Scheduler started
2025-02-27 22:01:09,237 - Adding job tentatively -- it will be properly scheduled when the scheduler starts
2025-02-27 22:01:09,238 - Added job "reminder_task" to job store "default"
2025-02-27 22:01:09,238 - Scheduler started
2025-02-27 22:01:09,325 - Watching for file changes with StatReloader
2025-02-27 22:01:11,815 - Not Found: /
2025-02-27 22:01:21,721 - C:\AI project demo\assistant_project\core\views.py changed, reloading.
2025-02-27 22:01:39,272 - Adding job tentatively -- it will be properly scheduled when the scheduler starts
2025-02-27 22:01:39,272 - Added job "reminder_task" to job store "default"
2025-02-27 22:01:39,273 - Scheduler started
2025-02-27 22:01:41,661 - Adding job tentatively -- it will be properly scheduled when the scheduler starts
2025-02-27 22:01:41,662 - Added job "reminder_task" to job store "default"
2025-02-27 22:01:41,663 - Scheduler started
2025-02-27 22:01:41,746 - Watching for file changes with StatReloader
2025-02-27 22:01:45,501 - Not Found: /
2025-02-27 22:01:53,408 - Imported existing <module 'comtypes.gen' from 'C:\\AI project demo\\venv\\Lib\\site-packages\\comtypes\\gen\\__init__.py'>
2025-02-27 22:01:53,408 - Using writeable comtypes cache directory: 'C:\AI project demo\venv\Lib\site-packages\comtypes\gen'
2025-02-27 22:02:42,030 - C:\AI project demo\assistant_project\core\views.py changed, reloading.
2025-02-27 22:02:44,812 - Adding job tentatively -- it will be properly scheduled when the scheduler starts
2025-02-27 22:02:44,813 - Added job "reminder_task" to job store "default"
2025-02-27 22:02:44,814 - Scheduler started
2025-02-27 22:02:44,899 - Watching for file changes with StatReloader
2025-02-27 22:02:49,377 - C:\AI project demo\assistant_project\core\views.py changed, reloading.
2025-02-27 22:02:51,952 - Adding job tentatively -- it will be properly scheduled when the scheduler starts
2025-02-27 22:02:51,953 - Added job "reminder_task" to job store "default"
2025-02-27 22:02:51,953 - Scheduler started
2025-02-27 22:02:52,041 - Watching for file changes with StatReloader
2025-02-27 22:02:54,297 - C:\AI project demo\assistant_project\core\views.py changed, reloading.
2025-02-27 22:02:56,869 - Adding job tentatively -- it will be properly scheduled when the scheduler starts
2025-02-27 22:02:56,870 - Added job "reminder_task" to job store "default"
2025-02-27 22:02:56,870 - Scheduler started
2025-02-27 22:02:56,956 - Watching for file changes with StatReloader
2025-02-27 22:03:04,977 - Not Found: /
2025-02-27 22:03:07,706 - Not Found: /favicon.ico
2025-02-27 22:03:10,805 - Not Found: /voice_command/voice_command/
2025-02-27 22:03:30,641 - C:\AI project demo\assistant_project\core\views.py changed, reloading.
2025-02-27 22:03:33,658 - Adding job tentatively -- it will be properly scheduled when the scheduler starts
2025-02-27 22:03:33,659 - Added job "reminder_task" to job store "default"
2025-02-27 22:03:33,659 - Scheduler started
2025-02-27 22:03:33,738 - Watching for file changes with StatReloader
2025-02-27 22:04:33,010 - C:\AI project demo\assistant_project\core\urls.py changed, reloading.
2025-02-27 22:04:36,056 - Adding job tentatively -- it will be properly scheduled when the scheduler starts
2025-02-27 22:04:36,057 - Added job "reminder_task" to job store "default"
2025-02-27 22:04:36,057 - Scheduler started
2025-02-27 22:04:36,139 - Watching for file changes with StatReloader
2025-02-27 22:04:41,171 - C:\AI project demo\assistant_project\core\urls.py changed, reloading.
2025-02-27 22:04:43,663 - Adding job tentatively -- it will be properly scheduled when the scheduler starts
2025-02-27 22:04:43,664 - Added job "reminder_task" to job store "default"
2025-02-27 22:04:43,665 - Scheduler started
2025-02-27 22:04:43,758 - Watching for file changes with StatReloader
2025-02-27 22:04:45,607 - C:\AI project demo\assistant_project\core\urls.py changed, reloading.
2025-02-27 22:04:48,133 - Adding job tentatively -- it will be properly scheduled when the scheduler starts
2025-02-27 22:04:48,134 - Added job "reminder_task" to job store "default"
2025-02-27 22:04:48,134 - Scheduler started
2025-02-27 22:04:48,219 - Watching for file changes with StatReloader
2025-02-27 22:04:49,994 - C:\AI project demo\assistant_project\core\urls.py changed, reloading.
2025-02-27 22:04:52,531 - Adding job tentatively -- it will be properly scheduled when the scheduler starts
2025-02-27 22:04:52,532 - Added job "reminder_task" to job store "default"
2025-02-27 22:04:52,532 - Scheduler started
2025-02-27 22:04:52,612 - Watching for file changes with StatReloader
2025-02-27 22:04:54,450 - C:\AI project demo\assistant_project\core\urls.py changed, reloading.
2025-02-27 22:04:56,930 - Adding job tentatively -- it will be properly scheduled when the scheduler starts
2025-02-27 22:04:56,931 - Added job "reminder_task" to job store "default"
2025-02-27 22:04:56,931 - Scheduler started
2025-02-27 22:04:57,012 - Watching for file changes with StatReloader
2025-02-27 22:05:02,074 - C:\AI project demo\assistant_project\core\urls.py changed, reloading.
2025-02-27 22:05:04,962 - Adding job tentatively -- it will be properly scheduled when the scheduler starts
2025-02-27 22:05:04,962 - Added job "reminder_task" to job store "default"
2025-02-27 22:05:04,962 - Scheduler started
2025-02-27 22:05:05,043 - Watching for file changes with StatReloader
2025-03-01 13:08:22,823 - Adding job tentatively -- it will be properly scheduled when the scheduler starts
2025-03-01 13:08:22,824 - Added job "reminder_task" to job store "default"
2025-03-01 13:08:22,825 - Scheduler started
2025-03-01 13:08:25,386 - Adding job tentatively -- it will be properly scheduled when the scheduler starts
2025-03-01 13:08:25,387 - Added job "reminder_task" to job store "default"
2025-03-01 13:08:25,387 - Scheduler started
2025-03-01 13:08:25,472 - Watching for file changes with StatReloader
2025-03-01 13:08:30,539 - Not Found: /
2025-03-01 13:08:34,094 - Not Found: /favicon.ico
2025-03-01 13:08:41,139 - Not Found: /voice_command/voice_command/
2025-03-01 13:08:48,692 - Not Found: /voice_command/voice/script.js
2025-03-01 13:09:03,487 - Imported existing <module 'comtypes.gen' from 'C:\\AI project demo\\venv\\Lib\\site-packages\\comtypes\\gen\\__init__.py'>
2025-03-01 13:09:03,488 - Using writeable comtypes cache directory: 'C:\AI project demo\venv\Lib\site-packages\comtypes\gen'
2025-03-01 13:10:34,095 - C:\AI project demo\assistant_project\core\urls.py changed, reloading.
2025-03-01 13:10:37,564 - Adding job tentatively -- it will be properly scheduled when the scheduler starts
2025-03-01 13:10:37,566 - Added job "reminder_task" to job store "default"
2025-03-01 13:10:37,566 - Scheduler started
2025-03-01 13:10:37,692 - Watching for file changes with StatReloader
2025-03-01 13:10:42,097 - C:\AI project demo\assistant_project\core\urls.py changed, reloading.
2025-03-01 13:10:44,944 - Adding job tentatively -- it will be properly scheduled when the scheduler starts
2025-03-01 13:10:44,945 - Added job "reminder_task" to job store "default"
2025-03-01 13:10:44,945 - Scheduler started
2025-03-01 13:10:45,036 - Watching for file changes with StatReloader
2025-03-01 13:10:58,347 - C:\AI project demo\assistant_project\core\urls.py changed, reloading.
2025-03-01 13:11:01,017 - Adding job tentatively -- it will be properly scheduled when the scheduler starts
2025-03-01 13:11:01,019 - Added job "reminder_task" to job store "default"
2025-03-01 13:11:01,019 - Scheduler started
2025-03-01 13:11:01,104 - Watching for file changes with StatReloader
2025-03-01 13:11:07,745 - C:\AI project demo\assistant_project\core\urls.py changed, reloading.
2025-03-01 13:11:11,308 - Adding job tentatively -- it will be properly scheduled when the scheduler starts
2025-03-01 13:11:11,308 - Added job "reminder_task" to job store "default"
2025-03-01 13:11:11,309 - Scheduler started
2025-03-01 13:11:11,413 - Watching for file changes with StatReloader
2025-03-01 13:11:13,671 - C:\AI project demo\assistant_project\core\urls.py changed, reloading.
2025-03-01 13:11:16,469 - Adding job tentatively -- it will be properly scheduled when the scheduler starts
2025-03-01 13:11:16,470 - Added job "reminder_task" to job store "default"
2025-03-01 13:11:16,470 - Scheduler started
2025-03-01 13:11:16,559 - Watching for file changes with StatReloader
2025-03-01 13:11:18,866 - C:\AI project demo\assistant_project\core\urls.py changed, reloading.
2025-03-01 13:11:21,611 - Adding job tentatively -- it will be properly scheduled when the scheduler starts
2025-03-01 13:11:21,612 - Added job "reminder_task" to job store "default"
2025-03-01 13:11:21,612 - Scheduler started
2025-03-01 13:11:21,683 - Watching for file changes with StatReloader
2025-03-01 13:12:04,112 - C:\AI project demo\assistant_project\core\urls.py changed, reloading.
2025-03-01 13:12:07,357 - Adding job tentatively -- it will be properly scheduled when the scheduler starts
2025-03-01 13:12:07,358 - Added job "reminder_task" to job store "default"
2025-03-01 13:12:07,359 - Scheduler started
2025-03-01 13:12:07,439 - Watching for file changes with StatReloader
2025-03-01 13:12:10,493 - C:\AI project demo\assistant_project\core\urls.py changed, reloading.
2025-03-01 13:12:13,267 - Adding job tentatively -- it will be properly scheduled when the scheduler starts
2025-03-01 13:12:13,268 - Added job "reminder_task" to job store "default"
2025-03-01 13:12:13,269 - Scheduler started
2025-03-01 13:12:13,354 - Watching for file changes with StatReloader
2025-03-01 13:12:22,453 - C:\AI project demo\assistant_project\core\urls.py changed, reloading.
2025-03-01 13:12:25,309 - Adding job tentatively -- it will be properly scheduled when the scheduler starts
2025-03-01 13:12:25,310 - Added job "reminder_task" to job store "default"
2025-03-01 13:12:25,310 - Scheduler started
2025-03-01 13:12:25,426 - Watching for file changes with StatReloader
2025-03-01 13:12:27,741 - C:\AI project demo\assistant_project\core\urls.py changed, reloading.
2025-03-01 13:12:30,491 - Adding job tentatively -- it will be properly scheduled when the scheduler starts
2025-03-01 13:12:30,491 - Added job "reminder_task" to job store "default"
2025-03-01 13:12:30,492 - Scheduler started
2025-03-01 13:12:30,602 - Watching for file changes with StatReloader
2025-03-01 13:12:32,645 - C:\AI project demo\assistant_project\core\urls.py changed, reloading.
2025-03-01 13:12:35,414 - Adding job tentatively -- it will be properly scheduled when the scheduler starts
2025-03-01 13:12:35,414 - Added job "reminder_task" to job store "default"
2025-03-01 13:12:35,414 - Scheduler started
2025-03-01 13:12:35,493 - Watching for file changes with StatReloader
2025-03-01 13:12:38,815 - C:\AI project demo\assistant_project\core\urls.py changed, reloading.
2025-03-01 13:12:41,400 - Adding job tentatively -- it will be properly scheduled when the scheduler starts
2025-03-01 13:12:41,401 - Added job "reminder_task" to job store "default"
2025-03-01 13:12:41,401 - Scheduler started
2025-03-01 13:12:41,500 - Watching for file changes with StatReloader
2025-03-01 13:12:45,872 - C:\AI project demo\assistant_project\core\urls.py changed, reloading.
2025-03-01 13:12:48,464 - Adding job tentatively -- it will be properly scheduled when the scheduler starts
2025-03-01 13:12:48,465 - Added job "reminder_task" to job store "default"
2025-03-01 13:12:48,465 - Scheduler started
2025-03-01 13:12:48,552 - Watching for file changes with StatReloader
2025-03-01 13:12:57,356 - C:\AI project demo\assistant_project\core\urls.py changed, reloading.
2025-03-01 13:13:00,190 - Adding job tentatively -- it will be properly scheduled when the scheduler starts
2025-03-01 13:13:00,191 - Added job "reminder_task" to job store "default"
2025-03-01 13:13:00,192 - Scheduler started
2025-03-01 13:13:00,289 - Watching for file changes with StatReloader
2025-03-01 13:13:03,603 - C:\AI project demo\assistant_project\core\urls.py changed, reloading.
2025-03-01 13:13:06,299 - Adding job tentatively -- it will be properly scheduled when the scheduler starts
2025-03-01 13:13:06,300 - Added job "reminder_task" to job store "default"
2025-03-01 13:13:06,300 - Scheduler started
2025-03-01 13:13:06,386 - Watching for file changes with StatReloader
2025-03-01 13:13:09,507 - Not Found: /
2025-03-01 13:13:12,640 - Not Found: /
2025-03-01 13:13:40,340 - Imported existing <module 'comtypes.gen' from 'C:\\AI project demo\\venv\\Lib\\site-packages\\comtypes\\gen\\__init__.py'>
2025-03-01 13:13:40,340 - Using writeable comtypes cache directory: 'C:\AI project demo\venv\Lib\site-packages\comtypes\gen'
2025-03-01 13:13:49,201 - Not Found: /voice_command/
2025-03-01 13:13:58,992 - Internal Server Error: /voice_command/process_voice/
Traceback (most recent call last):
  File "C:\AI project demo\venv\Lib\site-packages\django\core\handlers\exception.py", line 55, in inner
    response = get_response(request)
               ^^^^^^^^^^^^^^^^^^^^^
  File "C:\AI project demo\venv\Lib\site-packages\django\core\handlers\base.py", line 197, in _get_response
    response = wrapped_callback(request, *callback_args, **callback_kwargs)
               ^^^^^^^^^^^^^^^^^^^^^^^^^^^^^^^^^^^^^^^^^^^^^^^^^^^^^^^^^^^^
TypeError: process_voice_command() takes 0 positional arguments but 1 was given
2025-03-01 13:14:22,353 - Internal Server Error: /voice_command/speak/
Traceback (most recent call last):
  File "C:\AI project demo\venv\Lib\site-packages\django\core\handlers\exception.py", line 55, in inner
    response = get_response(request)
               ^^^^^^^^^^^^^^^^^^^^^
  File "C:\AI project demo\venv\Lib\site-packages\django\core\handlers\base.py", line 204, in _get_response
    self.check_response(response, callback)
  File "C:\AI project demo\venv\Lib\site-packages\django\core\handlers\base.py", line 332, in check_response
    raise ValueError(
ValueError: The view core.views.speak didn't return an HttpResponse object. It returned None instead.
2025-03-01 13:14:41,114 - C:\AI project demo\assistant_project\assistant_project\urls.py changed, reloading.
2025-03-01 13:14:44,416 - Adding job tentatively -- it will be properly scheduled when the scheduler starts
2025-03-01 13:14:44,416 - Added job "reminder_task" to job store "default"
2025-03-01 13:14:44,417 - Scheduler started
2025-03-01 13:14:44,507 - Watching for file changes with StatReloader
2025-03-01 13:15:15,283 - C:\AI project demo\assistant_project\assistant_project\urls.py changed, reloading.
2025-03-01 13:15:18,199 - Adding job tentatively -- it will be properly scheduled when the scheduler starts
2025-03-01 13:15:18,200 - Added job "reminder_task" to job store "default"
2025-03-01 13:15:18,201 - Scheduler started
2025-03-01 13:15:18,283 - Watching for file changes with StatReloader
2025-03-01 13:15:24,615 - C:\AI project demo\assistant_project\assistant_project\urls.py changed, reloading.
2025-03-01 13:15:28,305 - Adding job tentatively -- it will be properly scheduled when the scheduler starts
2025-03-01 13:15:28,307 - Added job "reminder_task" to job store "default"
2025-03-01 13:15:28,307 - Scheduler started
2025-03-01 13:15:28,395 - Watching for file changes with StatReloader
2025-03-01 13:15:40,080 - C:\AI project demo\assistant_project\assistant_project\urls.py changed, reloading.
2025-03-01 13:15:43,118 - Adding job tentatively -- it will be properly scheduled when the scheduler starts
2025-03-01 13:15:43,118 - Added job "reminder_task" to job store "default"
2025-03-01 13:15:43,119 - Scheduler started
2025-03-01 13:15:43,219 - Watching for file changes with StatReloader
2025-03-01 13:15:58,049 - C:\AI project demo\assistant_project\assistant_project\urls.py changed, reloading.
2025-03-01 13:16:01,724 - Adding job tentatively -- it will be properly scheduled when the scheduler starts
2025-03-01 13:16:01,726 - Added job "reminder_task" to job store "default"
2025-03-01 13:16:01,726 - Scheduler started
2025-03-01 13:16:01,849 - Watching for file changes with StatReloader
2025-03-01 13:16:06,099 - C:\AI project demo\assistant_project\assistant_project\urls.py changed, reloading.
2025-03-01 13:16:09,006 - Adding job tentatively -- it will be properly scheduled when the scheduler starts
2025-03-01 13:16:09,006 - Added job "reminder_task" to job store "default"
2025-03-01 13:16:09,006 - Scheduler started
2025-03-01 13:16:09,099 - Watching for file changes with StatReloader
2025-03-01 13:16:14,329 - C:\AI project demo\assistant_project\assistant_project\urls.py changed, reloading.
2025-03-01 13:16:17,048 - Adding job tentatively -- it will be properly scheduled when the scheduler starts
2025-03-01 13:16:17,049 - Added job "reminder_task" to job store "default"
2025-03-01 13:16:17,049 - Scheduler started
2025-03-01 13:16:17,133 - Watching for file changes with StatReloader
2025-03-01 13:16:28,693 - C:\AI project demo\assistant_project\assistant_project\urls.py changed, reloading.
2025-03-01 13:16:31,301 - Adding job tentatively -- it will be properly scheduled when the scheduler starts
2025-03-01 13:16:31,302 - Added job "reminder_task" to job store "default"
2025-03-01 13:16:31,302 - Scheduler started
2025-03-01 13:16:31,400 - Watching for file changes with StatReloader
2025-03-01 13:17:00,066 - Adding job tentatively -- it will be properly scheduled when the scheduler starts
2025-03-01 13:17:00,067 - Added job "reminder_task" to job store "default"
2025-03-01 13:17:00,068 - Scheduler started
2025-03-01 13:17:02,488 - Adding job tentatively -- it will be properly scheduled when the scheduler starts
2025-03-01 13:17:02,488 - Added job "reminder_task" to job store "default"
2025-03-01 13:17:02,488 - Scheduler started
2025-03-01 13:17:02,594 - Watching for file changes with StatReloader
2025-03-01 13:17:29,472 - C:\AI project demo\assistant_project\core\utils.py changed, reloading.
2025-03-01 13:17:32,301 - Adding job tentatively -- it will be properly scheduled when the scheduler starts
2025-03-01 13:17:32,302 - Added job "reminder_task" to job store "default"
2025-03-01 13:17:32,302 - Scheduler started
2025-03-01 13:17:32,386 - Watching for file changes with StatReloader
2025-03-01 13:17:40,798 - C:\AI project demo\assistant_project\core\views.py changed, reloading.
2025-03-01 13:17:43,611 - Adding job tentatively -- it will be properly scheduled when the scheduler starts
2025-03-01 13:17:43,615 - Added job "reminder_task" to job store "default"
2025-03-01 13:17:43,616 - Scheduler started
2025-03-01 13:17:43,694 - Watching for file changes with StatReloader
2025-03-01 13:18:21,502 - C:\AI project demo\assistant_project\core\views.py changed, reloading.
2025-03-01 13:18:24,303 - Adding job tentatively -- it will be properly scheduled when the scheduler starts
2025-03-01 13:18:24,305 - Added job "reminder_task" to job store "default"
2025-03-01 13:18:24,305 - Scheduler started
2025-03-01 13:18:24,388 - Watching for file changes with StatReloader
2025-03-01 13:18:45,932 - Adding job tentatively -- it will be properly scheduled when the scheduler starts
2025-03-01 13:18:45,933 - Added job "reminder_task" to job store "default"
2025-03-01 13:18:45,933 - Scheduler started
2025-03-01 13:18:48,476 - Adding job tentatively -- it will be properly scheduled when the scheduler starts
2025-03-01 13:18:48,477 - Added job "reminder_task" to job store "default"
2025-03-01 13:18:48,477 - Scheduler started
2025-03-01 13:18:48,563 - Watching for file changes with StatReloader
2025-03-01 13:19:17,017 - C:\AI project demo\assistant_project\core\views.py changed, reloading.
2025-03-01 13:19:19,584 - Adding job tentatively -- it will be properly scheduled when the scheduler starts
2025-03-01 13:19:19,585 - Added job "reminder_task" to job store "default"
2025-03-01 13:19:19,586 - Scheduler started
2025-03-01 13:19:19,664 - Watching for file changes with StatReloader
2025-03-01 13:19:22,236 - Not Found: /
2025-03-01 13:19:33,901 - Not Found: /list_voices/
2025-03-01 13:19:43,554 - Imported existing <module 'comtypes.gen' from 'C:\\AI project demo\\venv\\Lib\\site-packages\\comtypes\\gen\\__init__.py'>
2025-03-01 13:19:43,555 - Using writeable comtypes cache directory: 'C:\AI project demo\venv\Lib\site-packages\comtypes\gen'
2025-03-01 13:20:08,783 - C:\AI project demo\assistant_project\core\views.py changed, reloading.
2025-03-01 13:20:11,772 - Adding job tentatively -- it will be properly scheduled when the scheduler starts
2025-03-01 13:20:11,773 - Added job "reminder_task" to job store "default"
2025-03-01 13:20:11,773 - Scheduler started
2025-03-01 13:20:11,841 - Watching for file changes with StatReloader
2025-03-01 13:20:46,356 - C:\AI project demo\assistant_project\core\urls.py changed, reloading.
2025-03-01 13:20:48,988 - Adding job tentatively -- it will be properly scheduled when the scheduler starts
2025-03-01 13:20:48,989 - Added job "reminder_task" to job store "default"
2025-03-01 13:20:48,990 - Scheduler started
2025-03-01 13:20:49,071 - Watching for file changes with StatReloader
2025-03-01 13:21:08,161 - C:\AI project demo\assistant_project\core\urls.py changed, reloading.
2025-03-01 13:21:10,670 - Adding job tentatively -- it will be properly scheduled when the scheduler starts
2025-03-01 13:21:10,670 - Added job "reminder_task" to job store "default"
2025-03-01 13:21:10,670 - Scheduler started
2025-03-01 13:21:10,755 - Watching for file changes with StatReloader
2025-03-01 13:21:43,953 - C:\AI project demo\assistant_project\core\urls.py changed, reloading.
2025-03-01 13:21:46,629 - Adding job tentatively -- it will be properly scheduled when the scheduler starts
2025-03-01 13:21:46,631 - Added job "reminder_task" to job store "default"
2025-03-01 13:21:46,631 - Scheduler started
2025-03-01 13:21:46,703 - Watching for file changes with StatReloader
2025-03-01 13:21:49,604 - C:\AI project demo\assistant_project\core\urls.py changed, reloading.
2025-03-01 13:21:52,200 - Adding job tentatively -- it will be properly scheduled when the scheduler starts
2025-03-01 13:21:52,200 - Added job "reminder_task" to job store "default"
2025-03-01 13:21:52,200 - Scheduler started
2025-03-01 13:21:52,280 - Watching for file changes with StatReloader
2025-03-01 13:21:55,141 - C:\AI project demo\assistant_project\core\urls.py changed, reloading.
2025-03-01 13:21:57,946 - Adding job tentatively -- it will be properly scheduled when the scheduler starts
2025-03-01 13:21:57,947 - Added job "reminder_task" to job store "default"
2025-03-01 13:21:57,948 - Scheduler started
2025-03-01 13:21:58,037 - Watching for file changes with StatReloader
2025-03-01 13:21:59,977 - C:\AI project demo\assistant_project\core\urls.py changed, reloading.
2025-03-01 13:22:02,544 - Adding job tentatively -- it will be properly scheduled when the scheduler starts
2025-03-01 13:22:02,545 - Added job "reminder_task" to job store "default"
2025-03-01 13:22:02,545 - Scheduler started
2025-03-01 13:22:02,627 - Watching for file changes with StatReloader
2025-03-01 13:22:13,096 - C:\AI project demo\assistant_project\core\urls.py changed, reloading.
2025-03-01 13:22:15,521 - Adding job tentatively -- it will be properly scheduled when the scheduler starts
2025-03-01 13:22:15,522 - Added job "reminder_task" to job store "default"
2025-03-01 13:22:15,522 - Scheduler started
2025-03-01 13:22:15,603 - Watching for file changes with StatReloader
2025-03-01 13:22:17,432 - C:\AI project demo\assistant_project\core\urls.py changed, reloading.
2025-03-01 13:22:20,111 - Adding job tentatively -- it will be properly scheduled when the scheduler starts
2025-03-01 13:22:20,112 - Added job "reminder_task" to job store "default"
2025-03-01 13:22:20,113 - Scheduler started
2025-03-01 13:22:20,201 - Watching for file changes with StatReloader
2025-03-01 13:22:32,851 - C:\AI project demo\assistant_project\core\urls.py changed, reloading.
2025-03-01 13:22:35,562 - Adding job tentatively -- it will be properly scheduled when the scheduler starts
2025-03-01 13:22:35,563 - Added job "reminder_task" to job store "default"
2025-03-01 13:22:35,563 - Scheduler started
2025-03-01 13:22:35,648 - Watching for file changes with StatReloader
2025-03-01 13:23:03,443 - C:\AI project demo\assistant_project\core\urls.py changed, reloading.
2025-03-01 13:23:05,954 - Adding job tentatively -- it will be properly scheduled when the scheduler starts
2025-03-01 13:23:05,955 - Added job "reminder_task" to job store "default"
2025-03-01 13:23:05,955 - Scheduler started
2025-03-01 13:23:06,039 - Watching for file changes with StatReloader
2025-03-01 13:23:10,640 - Not Found: /
2025-03-01 13:23:13,628 - Not Found: /favicon.ico
2025-03-01 13:23:25,225 - Internal Server Error: /list_voices/list_voices/
Traceback (most recent call last):
  File "C:\AI project demo\venv\Lib\site-packages\django\core\handlers\exception.py", line 55, in inner
    response = get_response(request)
               ^^^^^^^^^^^^^^^^^^^^^
  File "C:\AI project demo\venv\Lib\site-packages\django\core\handlers\base.py", line 197, in _get_response
    response = wrapped_callback(request, *callback_args, **callback_kwargs)
               ^^^^^^^^^^^^^^^^^^^^^^^^^^^^^^^^^^^^^^^^^^^^^^^^^^^^^^^^^^^^
TypeError: list_voices() takes 0 positional arguments but 1 was given
2025-03-01 13:24:10,671 - C:\AI project demo\assistant_project\core\views.py changed, reloading.
2025-03-01 13:24:13,790 - Adding job tentatively -- it will be properly scheduled when the scheduler starts
2025-03-01 13:24:13,790 - Added job "reminder_task" to job store "default"
2025-03-01 13:24:13,790 - Scheduler started
2025-03-01 13:24:13,874 - Watching for file changes with StatReloader
2025-03-01 13:24:15,666 - Not Found: /
2025-03-01 13:24:21,237 - Imported existing <module 'comtypes.gen' from 'C:\\AI project demo\\venv\\Lib\\site-packages\\comtypes\\gen\\__init__.py'>
2025-03-01 13:24:21,238 - Using writeable comtypes cache directory: 'C:\AI project demo\venv\Lib\site-packages\comtypes\gen'
2025-03-01 13:24:21,613 - Internal Server Error: /list_voices/list_voices/
Traceback (most recent call last):
  File "C:\AI project demo\venv\Lib\site-packages\django\core\handlers\exception.py", line 55, in inner
    response = get_response(request)
               ^^^^^^^^^^^^^^^^^^^^^
  File "C:\AI project demo\venv\Lib\site-packages\django\core\handlers\base.py", line 204, in _get_response
    self.check_response(response, callback)
  File "C:\AI project demo\venv\Lib\site-packages\django\core\handlers\base.py", line 332, in check_response
    raise ValueError(
ValueError: The view core.views.list_voices didn't return an HttpResponse object. It returned None instead.
2025-03-01 13:25:33,936 - C:\AI project demo\assistant_project\core\urls.py changed, reloading.
2025-03-01 13:25:36,804 - Adding job tentatively -- it will be properly scheduled when the scheduler starts
2025-03-01 13:25:36,805 - Added job "reminder_task" to job store "default"
2025-03-01 13:25:36,806 - Scheduler started
2025-03-01 13:25:36,884 - Watching for file changes with StatReloader
2025-03-01 13:25:49,694 - Not Found: /
2025-03-01 13:26:04,717 - Imported existing <module 'comtypes.gen' from 'C:\\AI project demo\\venv\\Lib\\site-packages\\comtypes\\gen\\__init__.py'>
2025-03-01 13:26:04,717 - Using writeable comtypes cache directory: 'C:\AI project demo\venv\Lib\site-packages\comtypes\gen'
2025-03-01 13:26:20,252 - C:\AI project demo\assistant_project\core\urls.py changed, reloading.
2025-03-01 13:26:48,527 - Adding job tentatively -- it will be properly scheduled when the scheduler starts
2025-03-01 13:26:48,528 - Added job "reminder_task" to job store "default"
2025-03-01 13:26:48,528 - Scheduler started
2025-03-01 13:26:50,974 - Adding job tentatively -- it will be properly scheduled when the scheduler starts
2025-03-01 13:26:50,975 - Added job "reminder_task" to job store "default"
2025-03-01 13:26:50,975 - Scheduler started
2025-03-01 13:26:51,078 - Watching for file changes with StatReloader
2025-03-01 13:26:54,635 - Not Found: /
2025-03-01 13:26:57,449 - Not Found: /favicon.ico
2025-03-01 13:27:02,755 - Imported existing <module 'comtypes.gen' from 'C:\\AI project demo\\venv\\Lib\\site-packages\\comtypes\\gen\\__init__.py'>
2025-03-01 13:27:02,756 - Using writeable comtypes cache directory: 'C:\AI project demo\venv\Lib\site-packages\comtypes\gen'
2025-03-01 13:27:03,064 - Internal Server Error: /list_voices/list_voices/
Traceback (most recent call last):
  File "C:\AI project demo\venv\Lib\site-packages\django\core\handlers\exception.py", line 55, in inner
    response = get_response(request)
               ^^^^^^^^^^^^^^^^^^^^^
  File "C:\AI project demo\venv\Lib\site-packages\django\core\handlers\base.py", line 204, in _get_response
    self.check_response(response, callback)
  File "C:\AI project demo\venv\Lib\site-packages\django\core\handlers\base.py", line 332, in check_response
    raise ValueError(
ValueError: The view core.views.list_voices didn't return an HttpResponse object. It returned None instead.
2025-03-01 13:27:09,131 - Not Found: /list_voices/
2025-03-01 13:27:28,321 - Not Found: /customized_tts/
2025-03-01 13:27:55,568 - Internal Server Error: /customized_tts/save-theme/
Traceback (most recent call last):
  File "C:\AI project demo\venv\Lib\site-packages\django\core\handlers\exception.py", line 55, in inner
    response = get_response(request)
               ^^^^^^^^^^^^^^^^^^^^^
  File "C:\AI project demo\venv\Lib\site-packages\django\core\handlers\base.py", line 197, in _get_response
    response = wrapped_callback(request, *callback_args, **callback_kwargs)
               ^^^^^^^^^^^^^^^^^^^^^^^^^^^^^^^^^^^^^^^^^^^^^^^^^^^^^^^^^^^^
  File "C:\AI project demo\venv\Lib\site-packages\django\contrib\auth\decorators.py", line 60, in _view_wrapper
    return view_func(request, *args, **kwargs)
           ^^^^^^^^^^^^^^^^^^^^^^^^^^^^^^^^^^^
  File "C:\AI project demo\assistant_project\core\views.py", line 204, in save_theme_preference
    user_profile = request.user.profile  # Access the related UserProfile
                   ^^^^^^^^^^^^^^^^^^^^
  File "C:\AI project demo\venv\Lib\site-packages\django\utils\functional.py", line 253, in inner
    return func(_wrapped, *args)
           ^^^^^^^^^^^^^^^^^^^^^
AttributeError: 'User' object has no attribute 'profile'
2025-03-01 13:33:14,075 - Adding job tentatively -- it will be properly scheduled when the scheduler starts
2025-03-01 13:33:14,076 - Added job "reminder_task" to job store "default"
2025-03-01 13:33:14,076 - Scheduler started
2025-03-01 13:33:16,522 - Adding job tentatively -- it will be properly scheduled when the scheduler starts
2025-03-01 13:33:16,522 - Added job "reminder_task" to job store "default"
2025-03-01 13:33:16,523 - Scheduler started
2025-03-01 13:33:16,609 - Watching for file changes with StatReloader
2025-03-01 13:33:40,140 - C:\AI project demo\assistant_project\core\views.py changed, reloading.
2025-03-01 13:33:42,808 - Adding job tentatively -- it will be properly scheduled when the scheduler starts
2025-03-01 13:33:42,813 - Added job "reminder_task" to job store "default"
2025-03-01 13:33:42,813 - Scheduler started
2025-03-01 13:33:42,910 - Watching for file changes with StatReloader
2025-03-01 13:34:07,702 - C:\AI project demo\assistant_project\core\views.py changed, reloading.
2025-03-01 13:34:10,367 - Adding job tentatively -- it will be properly scheduled when the scheduler starts
2025-03-01 13:34:10,368 - Added job "reminder_task" to job store "default"
2025-03-01 13:34:10,368 - Scheduler started
2025-03-01 13:34:10,451 - Watching for file changes with StatReloader
2025-03-01 13:34:14,439 - C:\AI project demo\assistant_project\core\views.py changed, reloading.
2025-03-01 13:34:17,110 - Adding job tentatively -- it will be properly scheduled when the scheduler starts
2025-03-01 13:34:17,112 - Added job "reminder_task" to job store "default"
2025-03-01 13:34:17,112 - Scheduler started
2025-03-01 13:34:17,196 - Watching for file changes with StatReloader
2025-03-01 13:34:20,125 - C:\AI project demo\assistant_project\core\views.py changed, reloading.
2025-03-01 13:34:22,670 - Adding job tentatively -- it will be properly scheduled when the scheduler starts
2025-03-01 13:34:22,671 - Added job "reminder_task" to job store "default"
2025-03-01 13:34:22,671 - Scheduler started
2025-03-01 13:34:22,753 - Watching for file changes with StatReloader
2025-03-01 13:34:26,039 - Not Found: /
2025-03-01 13:34:36,639 - Imported existing <module 'comtypes.gen' from 'C:\\AI project demo\\venv\\Lib\\site-packages\\comtypes\\gen\\__init__.py'>
2025-03-01 13:34:36,640 - Using writeable comtypes cache directory: 'C:\AI project demo\venv\Lib\site-packages\comtypes\gen'
2025-03-01 13:35:15,097 - C:\AI project demo\assistant_project\core\views.py changed, reloading.
2025-03-01 13:35:17,829 - Adding job tentatively -- it will be properly scheduled when the scheduler starts
2025-03-01 13:35:17,829 - Added job "reminder_task" to job store "default"
2025-03-01 13:35:17,829 - Scheduler started
2025-03-01 13:35:17,912 - Watching for file changes with StatReloader
2025-03-01 13:35:21,974 - C:\AI project demo\assistant_project\core\views.py changed, reloading.
2025-03-01 13:35:24,449 - Adding job tentatively -- it will be properly scheduled when the scheduler starts
2025-03-01 13:35:24,449 - Added job "reminder_task" to job store "default"
2025-03-01 13:35:24,451 - Scheduler started
2025-03-01 13:35:24,535 - Watching for file changes with StatReloader
2025-03-01 13:35:34,006 - C:\AI project demo\assistant_project\core\views.py changed, reloading.
2025-03-01 13:35:36,532 - Adding job tentatively -- it will be properly scheduled when the scheduler starts
2025-03-01 13:35:36,533 - Added job "reminder_task" to job store "default"
2025-03-01 13:35:36,533 - Scheduler started
2025-03-01 13:35:36,621 - Watching for file changes with StatReloader
2025-03-01 13:35:57,539 - Not Found: /
2025-03-01 13:36:01,268 - Imported existing <module 'comtypes.gen' from 'C:\\AI project demo\\venv\\Lib\\site-packages\\comtypes\\gen\\__init__.py'>
2025-03-01 13:36:01,268 - Using writeable comtypes cache directory: 'C:\AI project demo\venv\Lib\site-packages\comtypes\gen'
2025-03-01 13:36:54,308 - C:\AI project demo\assistant_project\core\views.py changed, reloading.
2025-03-01 13:36:57,095 - Adding job tentatively -- it will be properly scheduled when the scheduler starts
2025-03-01 13:36:57,097 - Added job "reminder_task" to job store "default"
2025-03-01 13:36:57,097 - Scheduler started
2025-03-01 13:36:57,183 - Watching for file changes with StatReloader
2025-03-01 13:36:59,459 - C:\AI project demo\assistant_project\core\views.py changed, reloading.
2025-03-01 13:37:02,046 - Adding job tentatively -- it will be properly scheduled when the scheduler starts
2025-03-01 13:37:02,046 - Added job "reminder_task" to job store "default"
2025-03-01 13:37:02,047 - Scheduler started
2025-03-01 13:37:02,147 - Watching for file changes with StatReloader
2025-03-01 13:38:21,280 - Imported existing <module 'comtypes.gen' from 'C:\\AI project demo\\venv\\Lib\\site-packages\\comtypes\\gen\\__init__.py'>
2025-03-01 13:38:21,281 - Using writeable comtypes cache directory: 'C:\AI project demo\venv\Lib\site-packages\comtypes\gen'
2025-03-01 13:38:28,928 - Not Found: /text_to_speech/
2025-03-01 13:39:34,405 - Not Found: /customized_tts_view
2025-03-01 13:39:46,081 - Not Found: /customized_tts
2025-03-01 13:39:55,683 - Not Found: /customized_tts/
2025-03-01 13:40:26,941 - C:\AI project demo\assistant_project\assistant_project\urls.py changed, reloading.
2025-03-01 13:40:29,797 - Adding job tentatively -- it will be properly scheduled when the scheduler starts
2025-03-01 13:40:29,798 - Added job "reminder_task" to job store "default"
2025-03-01 13:40:29,798 - Scheduler started
2025-03-01 13:40:29,882 - Watching for file changes with StatReloader
2025-03-01 13:40:31,964 - Not Found: /
2025-03-01 13:40:38,666 - Imported existing <module 'comtypes.gen' from 'C:\\AI project demo\\venv\\Lib\\site-packages\\comtypes\\gen\\__init__.py'>
2025-03-01 13:40:38,666 - Using writeable comtypes cache directory: 'C:\AI project demo\venv\Lib\site-packages\comtypes\gen'
2025-03-01 13:40:49,174 - Not Found: /text_to_speech/
2025-03-01 13:41:28,083 - C:\AI project demo\assistant_project\assistant_project\urls.py changed, reloading.
2025-03-01 13:41:30,928 - Adding job tentatively -- it will be properly scheduled when the scheduler starts
2025-03-01 13:41:30,929 - Added job "reminder_task" to job store "default"
2025-03-01 13:41:30,929 - Scheduler started
2025-03-01 13:41:31,001 - Watching for file changes with StatReloader
2025-03-01 13:41:42,840 - Internal Server Error: /text_to_speech/save-theme/
Traceback (most recent call last):
  File "C:\AI project demo\venv\Lib\site-packages\django\core\handlers\exception.py", line 55, in inner
    response = get_response(request)
               ^^^^^^^^^^^^^^^^^^^^^
  File "C:\AI project demo\venv\Lib\site-packages\django\core\handlers\base.py", line 197, in _get_response
    response = wrapped_callback(request, *callback_args, **callback_kwargs)
               ^^^^^^^^^^^^^^^^^^^^^^^^^^^^^^^^^^^^^^^^^^^^^^^^^^^^^^^^^^^^
  File "C:\AI project demo\assistant_project\core\views.py", line 96, in customized_tts_view
    speak(text, voice_type=voice_type, rate=rate, volume=volume)
TypeError: speak() got an unexpected keyword argument 'voice_type'
2025-03-03 21:14:51,365 - Adding job tentatively -- it will be properly scheduled when the scheduler starts
2025-03-03 21:14:51,366 - Added job "reminder_task" to job store "default"
2025-03-03 21:14:51,367 - Scheduler started
2025-03-03 21:14:53,783 - Adding job tentatively -- it will be properly scheduled when the scheduler starts
2025-03-03 21:14:53,784 - Added job "reminder_task" to job store "default"
2025-03-03 21:14:53,784 - Scheduler started
2025-03-03 21:14:53,866 - Watching for file changes with StatReloader
2025-03-03 21:14:58,396 - Not Found: /
2025-03-03 21:15:01,897 - Not Found: /favicon.ico
2025-03-03 21:16:02,888 - Imported existing <module 'comtypes.gen' from 'C:\\AI project demo\\venv\\Lib\\site-packages\\comtypes\\gen\\__init__.py'>
2025-03-03 21:16:02,888 - Using writeable comtypes cache directory: 'C:\AI project demo\venv\Lib\site-packages\comtypes\gen'
2025-03-04 22:42:46,683 - Adding job tentatively -- it will be properly scheduled when the scheduler starts
2025-03-04 22:42:46,685 - Added job "reminder_task" to job store "default"
2025-03-04 22:42:46,686 - Scheduler started
2025-03-04 22:42:50,410 - Adding job tentatively -- it will be properly scheduled when the scheduler starts
2025-03-04 22:42:50,412 - Added job "reminder_task" to job store "default"
2025-03-04 22:42:50,412 - Scheduler started
2025-03-04 22:42:50,516 - Watching for file changes with StatReloader
2025-03-04 22:42:56,063 - Not Found: /
2025-03-04 22:42:59,781 - Not Found: /favicon.ico
2025-03-04 22:43:03,633 - Imported existing <module 'comtypes.gen' from 'C:\\AI project demo\\venv\\Lib\\site-packages\\comtypes\\gen\\__init__.py'>
2025-03-04 22:43:03,634 - Using writeable comtypes cache directory: 'C:\AI project demo\venv\Lib\site-packages\comtypes\gen'
2025-03-04 22:43:23,687 - Not Found: /voice_command/
2025-03-04 22:43:29,066 - Not Found: /voice_command/voice/style.css
2025-03-04 22:45:41,587 - Not Found: /voice_command/voice/style.css
2025-03-04 22:45:49,535 - Not Found: /voice_command/voice/style.css
2025-03-04 22:47:00,672 - C:\AI project demo\assistant_project\core\views.py changed, reloading.
2025-03-04 22:47:04,275 - Adding job tentatively -- it will be properly scheduled when the scheduler starts
2025-03-04 22:47:04,276 - Added job "reminder_task" to job store "default"
2025-03-04 22:47:04,276 - Scheduler started
2025-03-04 22:47:04,373 - Watching for file changes with StatReloader
2025-03-04 22:47:22,094 - C:\AI project demo\assistant_project\core\views.py changed, reloading.
2025-03-04 22:47:25,054 - Adding job tentatively -- it will be properly scheduled when the scheduler starts
2025-03-04 22:47:25,055 - Added job "reminder_task" to job store "default"
2025-03-04 22:47:25,056 - Scheduler started
2025-03-04 22:47:25,149 - Watching for file changes with StatReloader
2025-03-04 22:47:27,463 - C:\AI project demo\assistant_project\core\views.py changed, reloading.
2025-03-04 22:47:30,200 - Adding job tentatively -- it will be properly scheduled when the scheduler starts
2025-03-04 22:47:30,201 - Added job "reminder_task" to job store "default"
2025-03-04 22:47:30,201 - Scheduler started
2025-03-04 22:47:30,294 - Watching for file changes with StatReloader
2025-03-04 22:47:32,661 - C:\AI project demo\assistant_project\core\views.py changed, reloading.
2025-03-04 22:47:35,370 - Adding job tentatively -- it will be properly scheduled when the scheduler starts
2025-03-04 22:47:35,372 - Added job "reminder_task" to job store "default"
2025-03-04 22:47:35,385 - Scheduler started
2025-03-04 22:47:35,472 - Watching for file changes with StatReloader
2025-03-04 22:47:42,147 - C:\AI project demo\assistant_project\core\views.py changed, reloading.
2025-03-04 22:47:45,136 - Adding job tentatively -- it will be properly scheduled when the scheduler starts
2025-03-04 22:47:45,140 - Added job "reminder_task" to job store "default"
2025-03-04 22:47:45,140 - Scheduler started
2025-03-04 22:47:45,232 - Watching for file changes with StatReloader
2025-03-04 22:48:20,578 - C:\AI project demo\assistant_project\core\views.py changed, reloading.
2025-03-04 22:48:23,375 - Adding job tentatively -- it will be properly scheduled when the scheduler starts
2025-03-04 22:48:23,376 - Added job "reminder_task" to job store "default"
2025-03-04 22:48:23,376 - Scheduler started
2025-03-04 22:48:23,462 - Watching for file changes with StatReloader
2025-03-04 22:48:29,092 - C:\AI project demo\assistant_project\core\views.py changed, reloading.
2025-03-04 22:48:31,865 - Adding job tentatively -- it will be properly scheduled when the scheduler starts
2025-03-04 22:48:31,866 - Added job "reminder_task" to job store "default"
2025-03-04 22:48:31,866 - Scheduler started
2025-03-04 22:48:31,956 - Watching for file changes with StatReloader
2025-03-04 22:48:37,270 - Not Found: /
2025-03-04 22:48:42,034 - Internal Server Error: /voice_command/text_to_speech/
Traceback (most recent call last):
  File "C:\AI project demo\venv\Lib\site-packages\django\core\handlers\exception.py", line 55, in inner
    response = get_response(request)
               ^^^^^^^^^^^^^^^^^^^^^
  File "C:\AI project demo\venv\Lib\site-packages\django\core\handlers\base.py", line 197, in _get_response
    response = wrapped_callback(request, *callback_args, **callback_kwargs)
               ^^^^^^^^^^^^^^^^^^^^^^^^^^^^^^^^^^^^^^^^^^^^^^^^^^^^^^^^^^^^
  File "C:\AI project demo\assistant_project\core\views.py", line 34, in text_to_speech_view
    return render(request, 'text_to_speech/index.html')
           ^^^^^^^^^^^^^^^^^^^^^^^^^^^^^^^^^^^^^^^^^^^^
  File "C:\AI project demo\venv\Lib\site-packages\django\shortcuts.py", line 25, in render
    content = loader.render_to_string(template_name, context, request, using=using)
              ^^^^^^^^^^^^^^^^^^^^^^^^^^^^^^^^^^^^^^^^^^^^^^^^^^^^^^^^^^^^^^^^^^^^^
  File "C:\AI project demo\venv\Lib\site-packages\django\template\loader.py", line 61, in render_to_string
    template = get_template(template_name, using=using)
               ^^^^^^^^^^^^^^^^^^^^^^^^^^^^^^^^^^^^^^^^
  File "C:\AI project demo\venv\Lib\site-packages\django\template\loader.py", line 19, in get_template
    raise TemplateDoesNotExist(template_name, chain=chain)
django.template.exceptions.TemplateDoesNotExist: text_to_speech/index.html
2025-03-04 22:48:43,404 - Internal Server Error: /voice_command/text_to_speech/
Traceback (most recent call last):
  File "C:\AI project demo\venv\Lib\site-packages\django\core\handlers\exception.py", line 55, in inner
    response = get_response(request)
               ^^^^^^^^^^^^^^^^^^^^^
  File "C:\AI project demo\venv\Lib\site-packages\django\core\handlers\base.py", line 197, in _get_response
    response = wrapped_callback(request, *callback_args, **callback_kwargs)
               ^^^^^^^^^^^^^^^^^^^^^^^^^^^^^^^^^^^^^^^^^^^^^^^^^^^^^^^^^^^^
  File "C:\AI project demo\assistant_project\core\views.py", line 34, in text_to_speech_view
    return render(request, 'text_to_speech/index.html')
           ^^^^^^^^^^^^^^^^^^^^^^^^^^^^^^^^^^^^^^^^^^^^
  File "C:\AI project demo\venv\Lib\site-packages\django\shortcuts.py", line 25, in render
    content = loader.render_to_string(template_name, context, request, using=using)
              ^^^^^^^^^^^^^^^^^^^^^^^^^^^^^^^^^^^^^^^^^^^^^^^^^^^^^^^^^^^^^^^^^^^^^
  File "C:\AI project demo\venv\Lib\site-packages\django\template\loader.py", line 61, in render_to_string
    template = get_template(template_name, using=using)
               ^^^^^^^^^^^^^^^^^^^^^^^^^^^^^^^^^^^^^^^^
  File "C:\AI project demo\venv\Lib\site-packages\django\template\loader.py", line 19, in get_template
    raise TemplateDoesNotExist(template_name, chain=chain)
django.template.exceptions.TemplateDoesNotExist: text_to_speech/index.html
2025-03-04 22:50:07,968 - C:\AI project demo\assistant_project\core\urls.py changed, reloading.
2025-03-04 22:50:10,926 - Adding job tentatively -- it will be properly scheduled when the scheduler starts
2025-03-04 22:50:10,927 - Added job "reminder_task" to job store "default"
2025-03-04 22:50:10,928 - Scheduler started
2025-03-04 22:50:11,006 - Watching for file changes with StatReloader
2025-03-04 22:50:14,767 - Not Found: /
2025-03-04 22:50:21,860 - Not Found: /text_to_speech/text_to_speech/
2025-03-04 22:50:24,616 - Not Found: /text_to_speech/text_to_speech/
2025-03-04 22:50:37,523 - Not Found: /text_to_speech/text_to_speech/
2025-03-04 22:50:53,420 - Not Found: /text_to_speech/text_to_speech/text_to_speech/
2025-03-04 22:51:36,589 - C:\AI project demo\assistant_project\assistant_project\urls.py changed, reloading.
2025-03-04 22:51:39,699 - Adding job tentatively -- it will be properly scheduled when the scheduler starts
2025-03-04 22:51:39,700 - Added job "reminder_task" to job store "default"
2025-03-04 22:51:39,701 - Scheduler started
2025-03-04 22:51:39,802 - Watching for file changes with StatReloader
2025-03-04 22:51:40,334 - Not Found: /text_to_speech/text_to_speech/text_to_speech/
2025-03-04 22:51:51,813 - C:\AI project demo\assistant_project\assistant_project\urls.py changed, reloading.
2025-03-04 22:51:54,683 - Adding job tentatively -- it will be properly scheduled when the scheduler starts
2025-03-04 22:51:54,684 - Added job "reminder_task" to job store "default"
2025-03-04 22:51:54,684 - Scheduler started
2025-03-04 22:51:54,775 - Watching for file changes with StatReloader
2025-03-04 22:51:57,119 - C:\AI project demo\assistant_project\assistant_project\urls.py changed, reloading.
2025-03-04 22:51:59,859 - Adding job tentatively -- it will be properly scheduled when the scheduler starts
2025-03-04 22:51:59,861 - Added job "reminder_task" to job store "default"
2025-03-04 22:51:59,861 - Scheduler started
2025-03-04 22:51:59,958 - Watching for file changes with StatReloader
2025-03-04 22:52:03,435 - C:\AI project demo\assistant_project\assistant_project\urls.py changed, reloading.
2025-03-04 22:52:06,275 - Adding job tentatively -- it will be properly scheduled when the scheduler starts
2025-03-04 22:52:06,276 - Added job "reminder_task" to job store "default"
2025-03-04 22:52:06,276 - Scheduler started
2025-03-04 22:52:06,368 - Watching for file changes with StatReloader
2025-03-04 22:52:11,582 - Not Found: /text_to_speech/text_to_speech/text_to_speech/
2025-03-04 22:52:34,768 - Not Found: /text_to_speech/text_to_speech/
2025-03-04 22:52:38,349 - Not Found: /tools/
2025-03-04 22:52:52,973 - Internal Server Error: /tools/text_to_speech
Traceback (most recent call last):
  File "C:\AI project demo\venv\Lib\site-packages\django\core\handlers\exception.py", line 55, in inner
    response = get_response(request)
               ^^^^^^^^^^^^^^^^^^^^^
  File "C:\AI project demo\venv\Lib\site-packages\django\core\handlers\base.py", line 197, in _get_response
    response = wrapped_callback(request, *callback_args, **callback_kwargs)
               ^^^^^^^^^^^^^^^^^^^^^^^^^^^^^^^^^^^^^^^^^^^^^^^^^^^^^^^^^^^^
  File "C:\AI project demo\assistant_project\core\views.py", line 34, in text_to_speech_view
    return render(request, 'text_to_speech/index.html')
           ^^^^^^^^^^^^^^^^^^^^^^^^^^^^^^^^^^^^^^^^^^^^
  File "C:\AI project demo\venv\Lib\site-packages\django\shortcuts.py", line 25, in render
    content = loader.render_to_string(template_name, context, request, using=using)
              ^^^^^^^^^^^^^^^^^^^^^^^^^^^^^^^^^^^^^^^^^^^^^^^^^^^^^^^^^^^^^^^^^^^^^
  File "C:\AI project demo\venv\Lib\site-packages\django\template\loader.py", line 61, in render_to_string
    template = get_template(template_name, using=using)
               ^^^^^^^^^^^^^^^^^^^^^^^^^^^^^^^^^^^^^^^^
  File "C:\AI project demo\venv\Lib\site-packages\django\template\loader.py", line 19, in get_template
    raise TemplateDoesNotExist(template_name, chain=chain)
django.template.exceptions.TemplateDoesNotExist: text_to_speech/index.html
2025-03-04 22:53:02,173 - Not Found: /tools/text_to_speech/
2025-03-04 22:53:31,714 - Imported existing <module 'comtypes.gen' from 'C:\\AI project demo\\venv\\Lib\\site-packages\\comtypes\\gen\\__init__.py'>
2025-03-04 22:53:31,714 - Using writeable comtypes cache directory: 'C:\AI project demo\venv\Lib\site-packages\comtypes\gen'
2025-03-04 22:53:57,978 - Not Found: /tools/text_to_speech/save-theme/
2025-03-04 22:54:08,263 - C:\AI project demo\assistant_project\assistant_project\urls.py changed, reloading.
2025-03-04 22:54:11,519 - Adding job tentatively -- it will be properly scheduled when the scheduler starts
2025-03-04 22:54:11,520 - Added job "reminder_task" to job store "default"
2025-03-04 22:54:11,520 - Scheduler started
2025-03-04 22:54:11,620 - Watching for file changes with StatReloader
2025-03-04 22:55:56,286 - C:\AI project demo\assistant_project\core\urls.py changed, reloading.
2025-03-04 22:55:59,375 - Adding job tentatively -- it will be properly scheduled when the scheduler starts
2025-03-04 22:55:59,376 - Added job "reminder_task" to job store "default"
2025-03-04 22:55:59,377 - Scheduler started
2025-03-04 22:55:59,475 - Watching for file changes with StatReloader
2025-03-04 22:56:02,879 - C:\AI project demo\assistant_project\core\urls.py changed, reloading.
2025-03-04 22:56:05,887 - Adding job tentatively -- it will be properly scheduled when the scheduler starts
2025-03-04 22:56:05,888 - Added job "reminder_task" to job store "default"
2025-03-04 22:56:05,888 - Scheduler started
2025-03-04 22:56:05,979 - Watching for file changes with StatReloader
2025-03-04 22:56:07,936 - C:\AI project demo\assistant_project\core\urls.py changed, reloading.
2025-03-04 22:56:10,634 - Adding job tentatively -- it will be properly scheduled when the scheduler starts
2025-03-04 22:56:10,635 - Added job "reminder_task" to job store "default"
2025-03-04 22:56:10,635 - Scheduler started
2025-03-04 22:56:10,736 - Watching for file changes with StatReloader
2025-03-04 22:56:13,730 - C:\AI project demo\assistant_project\core\urls.py changed, reloading.
2025-03-04 22:56:16,612 - Adding job tentatively -- it will be properly scheduled when the scheduler starts
2025-03-04 22:56:16,614 - Added job "reminder_task" to job store "default"
2025-03-04 22:56:16,614 - Scheduler started
2025-03-04 22:56:16,714 - Watching for file changes with StatReloader
2025-03-04 22:56:19,158 - C:\AI project demo\assistant_project\core\urls.py changed, reloading.
2025-03-04 22:56:21,888 - Adding job tentatively -- it will be properly scheduled when the scheduler starts
2025-03-04 22:56:21,888 - Added job "reminder_task" to job store "default"
2025-03-04 22:56:21,889 - Scheduler started
2025-03-04 22:56:21,985 - Watching for file changes with StatReloader
2025-03-04 22:56:24,389 - C:\AI project demo\assistant_project\core\urls.py changed, reloading.
2025-03-04 22:56:27,151 - Adding job tentatively -- it will be properly scheduled when the scheduler starts
2025-03-04 22:56:27,152 - Added job "reminder_task" to job store "default"
2025-03-04 22:56:27,152 - Scheduler started
2025-03-04 22:56:27,235 - Watching for file changes with StatReloader
2025-03-04 22:56:29,568 - Not Found: /
2025-03-04 22:56:34,275 - Not Found: /text_to_speech/text_to_speech/
2025-03-04 22:56:35,707 - Imported existing <module 'comtypes.gen' from 'C:\\AI project demo\\venv\\Lib\\site-packages\\comtypes\\gen\\__init__.py'>
2025-03-04 22:56:35,707 - Using writeable comtypes cache directory: 'C:\AI project demo\venv\Lib\site-packages\comtypes\gen'
2025-03-04 22:56:40,106 - Not Found: /tools/
2025-03-04 22:56:49,320 - Internal Server Error: /tools/process/
Traceback (most recent call last):
  File "C:\AI project demo\venv\Lib\site-packages\django\core\handlers\exception.py", line 55, in inner
    response = get_response(request)
               ^^^^^^^^^^^^^^^^^^^^^
  File "C:\AI project demo\venv\Lib\site-packages\django\core\handlers\base.py", line 197, in _get_response
    response = wrapped_callback(request, *callback_args, **callback_kwargs)
               ^^^^^^^^^^^^^^^^^^^^^^^^^^^^^^^^^^^^^^^^^^^^^^^^^^^^^^^^^^^^
TypeError: process_voice_command() takes 0 positional arguments but 1 was given
2025-03-04 22:57:09,814 - C:\AI project demo\assistant_project\core\urls.py changed, reloading.
2025-03-04 23:00:25,641 - Adding job tentatively -- it will be properly scheduled when the scheduler starts
2025-03-04 23:00:25,642 - Added job "reminder_task" to job store "default"
2025-03-04 23:00:25,643 - Scheduler started
2025-03-04 23:00:28,177 - Adding job tentatively -- it will be properly scheduled when the scheduler starts
2025-03-04 23:00:28,178 - Added job "reminder_task" to job store "default"
2025-03-04 23:00:28,178 - Scheduler started
2025-03-04 23:00:28,271 - Watching for file changes with StatReloader
2025-03-04 23:00:30,523 - Not Found: /
2025-03-04 23:00:37,075 - Not Found: /text_to_speech/text_to_speech/
2025-03-04 23:00:45,911 - Not Found: /tools/
2025-03-04 23:00:58,713 - Imported existing <module 'comtypes.gen' from 'C:\\AI project demo\\venv\\Lib\\site-packages\\comtypes\\gen\\__init__.py'>
2025-03-04 23:00:58,713 - Using writeable comtypes cache directory: 'C:\AI project demo\venv\Lib\site-packages\comtypes\gen'
2025-03-04 23:07:07,582 - C:\AI project demo\assistant_project\core\views.py changed, reloading.
2025-03-04 23:07:10,907 - Adding job tentatively -- it will be properly scheduled when the scheduler starts
2025-03-04 23:07:10,907 - Added job "reminder_task" to job store "default"
2025-03-04 23:07:10,908 - Scheduler started
2025-03-04 23:07:11,011 - Watching for file changes with StatReloader
2025-03-04 23:07:30,795 - C:\AI project demo\assistant_project\core\views.py changed, reloading.
2025-03-04 23:07:33,746 - Adding job tentatively -- it will be properly scheduled when the scheduler starts
2025-03-04 23:07:33,750 - Added job "reminder_task" to job store "default"
2025-03-04 23:07:33,750 - Scheduler started
2025-03-04 23:07:33,840 - Watching for file changes with StatReloader
2025-03-04 23:07:46,152 - C:\AI project demo\assistant_project\core\views.py changed, reloading.
2025-03-04 23:07:49,133 - Adding job tentatively -- it will be properly scheduled when the scheduler starts
2025-03-04 23:07:49,133 - Added job "reminder_task" to job store "default"
2025-03-04 23:07:49,134 - Scheduler started
2025-03-04 23:07:49,230 - Watching for file changes with StatReloader
2025-03-04 23:07:51,630 - C:\AI project demo\assistant_project\core\views.py changed, reloading.
2025-03-04 23:07:54,530 - Adding job tentatively -- it will be properly scheduled when the scheduler starts
2025-03-04 23:07:54,531 - Added job "reminder_task" to job store "default"
2025-03-04 23:07:54,531 - Scheduler started
2025-03-04 23:07:54,694 - Watching for file changes with StatReloader
2025-03-04 23:07:59,292 - C:\AI project demo\assistant_project\core\views.py changed, reloading.
2025-03-04 23:08:07,520 - Adding job tentatively -- it will be properly scheduled when the scheduler starts
2025-03-04 23:08:07,522 - Added job "reminder_task" to job store "default"
2025-03-04 23:08:07,523 - Scheduler started
2025-03-04 23:08:07,604 - Watching for file changes with StatReloader
2025-03-04 23:08:10,347 - C:\AI project demo\assistant_project\core\views.py changed, reloading.
2025-03-04 23:08:13,135 - Adding job tentatively -- it will be properly scheduled when the scheduler starts
2025-03-04 23:08:13,136 - Added job "reminder_task" to job store "default"
2025-03-04 23:08:13,136 - Scheduler started
2025-03-04 23:08:13,227 - Watching for file changes with StatReloader
2025-03-04 23:08:42,920 - C:\AI project demo\assistant_project\core\urls.py changed, reloading.
2025-03-04 23:08:45,780 - Adding job tentatively -- it will be properly scheduled when the scheduler starts
2025-03-04 23:08:45,782 - Added job "reminder_task" to job store "default"
2025-03-04 23:08:45,782 - Scheduler started
2025-03-04 23:08:45,871 - Watching for file changes with StatReloader
2025-03-04 23:08:48,210 - C:\AI project demo\assistant_project\core\urls.py changed, reloading.
2025-03-04 23:08:51,150 - Adding job tentatively -- it will be properly scheduled when the scheduler starts
2025-03-04 23:08:51,150 - Added job "reminder_task" to job store "default"
2025-03-04 23:08:51,150 - Scheduler started
2025-03-04 23:08:51,245 - Watching for file changes with StatReloader
2025-03-04 23:08:55,823 - C:\AI project demo\assistant_project\core\urls.py changed, reloading.
2025-03-04 23:08:58,669 - Adding job tentatively -- it will be properly scheduled when the scheduler starts
2025-03-04 23:08:58,670 - Added job "reminder_task" to job store "default"
2025-03-04 23:08:58,671 - Scheduler started
2025-03-04 23:08:58,769 - Watching for file changes with StatReloader
2025-03-04 23:09:00,603 - Not Found: /
2025-03-04 23:09:14,013 - Internal Server Error: /tools/
Traceback (most recent call last):
  File "C:\AI project demo\venv\Lib\site-packages\django\core\handlers\exception.py", line 55, in inner
    response = get_response(request)
               ^^^^^^^^^^^^^^^^^^^^^
  File "C:\AI project demo\venv\Lib\site-packages\django\core\handlers\base.py", line 197, in _get_response
    response = wrapped_callback(request, *callback_args, **callback_kwargs)
               ^^^^^^^^^^^^^^^^^^^^^^^^^^^^^^^^^^^^^^^^^^^^^^^^^^^^^^^^^^^^
  File "C:\AI project demo\assistant_project\core\views.py", line 97, in tts_page
    return render(request, 'tts.html')
           ^^^^^^^^^^^^^^^^^^^^^^^^^^^
  File "C:\AI project demo\venv\Lib\site-packages\django\shortcuts.py", line 25, in render
    content = loader.render_to_string(template_name, context, request, using=using)
              ^^^^^^^^^^^^^^^^^^^^^^^^^^^^^^^^^^^^^^^^^^^^^^^^^^^^^^^^^^^^^^^^^^^^^
  File "C:\AI project demo\venv\Lib\site-packages\django\template\loader.py", line 61, in render_to_string
    template = get_template(template_name, using=using)
               ^^^^^^^^^^^^^^^^^^^^^^^^^^^^^^^^^^^^^^^^
  File "C:\AI project demo\venv\Lib\site-packages\django\template\loader.py", line 19, in get_template
    raise TemplateDoesNotExist(template_name, chain=chain)
django.template.exceptions.TemplateDoesNotExist: tts.html
2025-03-04 23:09:14,520 - Internal Server Error: /tools/
Traceback (most recent call last):
  File "C:\AI project demo\venv\Lib\site-packages\django\core\handlers\exception.py", line 55, in inner
    response = get_response(request)
               ^^^^^^^^^^^^^^^^^^^^^
  File "C:\AI project demo\venv\Lib\site-packages\django\core\handlers\base.py", line 197, in _get_response
    response = wrapped_callback(request, *callback_args, **callback_kwargs)
               ^^^^^^^^^^^^^^^^^^^^^^^^^^^^^^^^^^^^^^^^^^^^^^^^^^^^^^^^^^^^
  File "C:\AI project demo\assistant_project\core\views.py", line 97, in tts_page
    return render(request, 'tts.html')
           ^^^^^^^^^^^^^^^^^^^^^^^^^^^
  File "C:\AI project demo\venv\Lib\site-packages\django\shortcuts.py", line 25, in render
    content = loader.render_to_string(template_name, context, request, using=using)
              ^^^^^^^^^^^^^^^^^^^^^^^^^^^^^^^^^^^^^^^^^^^^^^^^^^^^^^^^^^^^^^^^^^^^^
  File "C:\AI project demo\venv\Lib\site-packages\django\template\loader.py", line 61, in render_to_string
    template = get_template(template_name, using=using)
               ^^^^^^^^^^^^^^^^^^^^^^^^^^^^^^^^^^^^^^^^
  File "C:\AI project demo\venv\Lib\site-packages\django\template\loader.py", line 19, in get_template
    raise TemplateDoesNotExist(template_name, chain=chain)
django.template.exceptions.TemplateDoesNotExist: tts.html
2025-03-04 23:09:34,306 - C:\AI project demo\assistant_project\core\urls.py changed, reloading.
2025-03-04 23:09:37,102 - Adding job tentatively -- it will be properly scheduled when the scheduler starts
2025-03-04 23:09:37,103 - Added job "reminder_task" to job store "default"
2025-03-04 23:09:37,103 - Scheduler started
2025-03-04 23:09:37,195 - Watching for file changes with StatReloader
2025-03-04 23:09:39,094 - Not Found: /
2025-03-04 23:09:59,372 - Not Found: /tools/
2025-03-04 23:09:59,796 - Not Found: /tools/
2025-03-04 23:10:07,930 - Not Found: /tools/api/tts/ [name='customized_tts']
2025-03-04 23:10:12,388 - Imported existing <module 'comtypes.gen' from 'C:\\AI project demo\\venv\\Lib\\site-packages\\comtypes\\gen\\__init__.py'>
2025-03-04 23:10:12,388 - Using writeable comtypes cache directory: 'C:\AI project demo\venv\Lib\site-packages\comtypes\gen'
2025-03-04 23:10:45,752 - C:\AI project demo\assistant_project\core\urls.py changed, reloading.
2025-03-04 23:10:48,809 - Adding job tentatively -- it will be properly scheduled when the scheduler starts
2025-03-04 23:10:48,810 - Added job "reminder_task" to job store "default"
2025-03-04 23:10:48,811 - Scheduler started
2025-03-04 23:10:48,902 - Watching for file changes with StatReloader
2025-03-04 23:11:00,179 - C:\AI project demo\assistant_project\core\urls.py changed, reloading.
2025-03-04 23:11:03,079 - Adding job tentatively -- it will be properly scheduled when the scheduler starts
2025-03-04 23:11:03,081 - Added job "reminder_task" to job store "default"
2025-03-04 23:11:03,081 - Scheduler started
2025-03-04 23:11:03,182 - Watching for file changes with StatReloader
2025-03-04 23:12:15,776 - C:\AI project demo\assistant_project\assistant_project\settings.py changed, reloading.
2025-03-04 23:12:18,925 - Adding job tentatively -- it will be properly scheduled when the scheduler starts
2025-03-04 23:12:18,926 - Added job "reminder_task" to job store "default"
2025-03-04 23:12:18,927 - Scheduler started
2025-03-04 23:12:19,039 - Watching for file changes with StatReloader
2025-03-04 23:12:35,666 - C:\AI project demo\assistant_project\assistant_project\settings.py changed, reloading.
2025-03-04 23:12:38,516 - Adding job tentatively -- it will be properly scheduled when the scheduler starts
2025-03-04 23:12:38,516 - Added job "reminder_task" to job store "default"
2025-03-04 23:12:38,518 - Scheduler started
2025-03-04 23:12:38,621 - Watching for file changes with StatReloader
2025-03-04 23:12:41,228 - C:\AI project demo\assistant_project\assistant_project\settings.py changed, reloading.
2025-03-04 23:12:43,975 - Adding job tentatively -- it will be properly scheduled when the scheduler starts
2025-03-04 23:12:43,976 - Added job "reminder_task" to job store "default"
2025-03-04 23:12:43,976 - Scheduler started
2025-03-04 23:12:44,069 - Watching for file changes with StatReloader
2025-03-04 23:12:49,795 - C:\AI project demo\assistant_project\assistant_project\settings.py changed, reloading.
2025-03-04 23:12:52,786 - Adding job tentatively -- it will be properly scheduled when the scheduler starts
2025-03-04 23:12:52,787 - Added job "reminder_task" to job store "default"
2025-03-04 23:12:52,787 - Scheduler started
2025-03-04 23:12:52,886 - Watching for file changes with StatReloader
2025-03-04 23:13:01,878 - C:\AI project demo\assistant_project\assistant_project\settings.py changed, reloading.
2025-03-04 23:13:04,698 - Adding job tentatively -- it will be properly scheduled when the scheduler starts
2025-03-04 23:13:04,699 - Added job "reminder_task" to job store "default"
2025-03-04 23:13:04,700 - Scheduler started
2025-03-04 23:13:04,787 - Watching for file changes with StatReloader
2025-03-04 23:14:33,081 - C:\AI project demo\assistant_project\core\utils.py changed, reloading.
